#
# There is insufficient memory for the Java Runtime Environment to continue.
# Native memory allocation (malloc) failed to allocate 622896 bytes. Error detail: Chunk::new
# Possible reasons:
#   The system is out of physical RAM or swap space
#   This process is running with CompressedOops enabled, and the Java Heap may be blocking the growth of the native heap
# Possible solutions:
#   Reduce memory load on the system
#   Increase physical memory or swap space
#   Check if swap backing store is full
#   Decrease Java heap size (-Xmx/-Xms)
#   Decrease number of Java threads
#   Decrease Java thread stack sizes (-Xss)
#   Set larger code cache with -XX:ReservedCodeCacheSize=
#   JVM is running with Unscaled Compressed Oops mode in which the Java heap is
#     placed in the first 4GB address space. The Java Heap base address is the
#     maximum limit for the native heap growth. Please use -XX:HeapBaseMinAddress
#     to set the Java Heap base and to place the Java Heap above 4GB virtual address.
# This output file may be truncated or incomplete.
#
#  Out of Memory Error (arena.cpp:191), pid=15912, tid=11984
#
# JRE version: OpenJDK Runtime Environment Temurin-17.0.13+11 (17.0.13+11) (build 17.0.13+11)
# Java VM: OpenJDK 64-Bit Server VM Temurin-17.0.13+11 (17.0.13+11, mixed mode, tiered, compressed oops, compressed class ptrs, parallel gc, windows-amd64)
# No core dump will be written. Minidumps are not enabled by default on client versions of Windows
#

---------------  S U M M A R Y ------------

Command Line: --add-modules=ALL-SYSTEM --add-opens=java.base/java.util=ALL-UNNAMED --add-opens=java.base/java.lang=ALL-UNNAMED --add-opens=java.base/sun.nio.fs=ALL-UNNAMED -Declipse.application=org.eclipse.jdt.ls.core.id1 -Dosgi.bundles.defaultStartLevel=4 -Declipse.product=org.eclipse.jdt.ls.core.product -Djava.import.generatesMetadataFilesAtProjectRoot=false -DDetectVMInstallationsJob.disabled=true -Dfile.encoding=utf8 -XX:+UseParallelGC -XX:GCTimeRatio=4 -XX:AdaptiveSizePolicyWeight=90 -Dsun.zip.disableMemoryMapping=true -Xmx1G -Xms100m -Xlog:disable -javaagent:c:\Users\LENOVO\.vscode\extensions\redhat.java-1.36.0-win32-x64\lombok\lombok-1.18.35.jar -XX:+HeapDumpOnOutOfMemoryError -XX:HeapDumpPath=c:\Users\LENOVO\AppData\Roaming\Code\User\workspaceStorage\a77f64c3f9ce9ce846e86a54ff4ee9e5\redhat.java -Daether.dependencyCollector.impl=bf c:\Users\LENOVO\.vscode\extensions\redhat.java-1.36.0-win32-x64\server\plugins\org.eclipse.equinox.launcher_1.6.900.v20240613-2009.jar -configuration c:\Users\LENOVO\AppData\Roaming\Code\User\globalStorage\redhat.java\1.36.0\config_win -data c:\Users\LENOVO\AppData\Roaming\Code\User\workspaceStorage\a77f64c3f9ce9ce846e86a54ff4ee9e5\redhat.java\jdt_ws --pipe=\\.\pipe\lsp-cf9e4418f3ecde074d1786c93146ee9f-sock

Host: AMD Ryzen 3 3200U with Radeon Vega Mobile Gfx  , 4 cores, 5G,  Windows 11 , 64 bit Build 26100 (10.0.26100.2161)
Time: Tue Nov 19 17:45:31 2024 Hora est. Pacífico, Sudamérica elapsed time: 46.395524 seconds (0d 0h 0m 46s)

---------------  T H R E A D  ---------------

Current thread (0x000001cda6aa4db0):  JavaThread "C2 CompilerThread0" daemon [_thread_in_native, id=11984, stack(0x0000009152200000,0x0000009152300000)]


Current CompileTask:
C2:  46395 6159       4       java.util.zip.ZipFile$Source::initCEN (591 bytes)

Stack: [0x0000009152200000,0x0000009152300000]
Native frames: (J=compiled Java code, j=interpreted, Vv=VM code, C=native code)
V  [jvm.dll+0x682a19]
V  [jvm.dll+0x839538]
V  [jvm.dll+0x83afe3]
V  [jvm.dll+0x83b653]
V  [jvm.dll+0x24704f]
V  [jvm.dll+0xace34]
V  [jvm.dll+0xad4cc]
V  [jvm.dll+0x36592f]
V  [jvm.dll+0x32fbd8]
V  [jvm.dll+0x32f05a]
V  [jvm.dll+0x21804f]
V  [jvm.dll+0x21748f]
V  [jvm.dll+0x1a3070]
V  [jvm.dll+0x22788c]
V  [jvm.dll+0x2259eb]
V  [jvm.dll+0x7eec98]
V  [jvm.dll+0x7e8ffc]
V  [jvm.dll+0x6818f7]
C  [ucrtbase.dll+0x14ea0]
C  [KERNEL32.DLL+0x2dbe7]
C  [ntdll.dll+0xdfbec]


---------------  P R O C E S S  ---------------

Threads class SMR info:
_java_thread_list=0x000001cdb09bf000, length=37, elements={
0x000001cd9243d7b0, 0x000001cd924ee200, 0x000001cda6a73690, 0x000001cda6a9e320,
0x000001cda6a9ecf0, 0x000001cda6aa17d0, 0x000001cda6aa41b0, 0x000001cda6aa4db0,
0x000001cda6abe980, 0x000001cdabd32b50, 0x000001cd9249e930, 0x000001cdabf87f90,
0x000001cdac47e820, 0x000001cdac2880e0, 0x000001cdac5f5ce0, 0x000001cdabdf4c20,
0x000001cdac20ec70, 0x000001cdacc2f640, 0x000001cdacc2dcf0, 0x000001cdacc2d7e0,
0x000001cdacc2e200, 0x000001cdacc2c8b0, 0x000001cdacc2f130, 0x000001cdacc2fb50,
0x000001cdacc2d2d0, 0x000001cdacc2cdc0, 0x000001cdacc2e710, 0x000001cdb0b3cef0,
0x000001cdb0b3c9e0, 0x000001cdb0b3e330, 0x000001cdb0b3e840, 0x000001cdb0b3d400,
0x000001cdb0b3ed50, 0x000001cdb0b3fc80, 0x000001cdb0b3f260, 0x000001cdb0b40190,
0x000001cdac32edb0
}

Java Threads: ( => current thread )
  0x000001cd9243d7b0 JavaThread "main" [_thread_blocked, id=13036, stack(0x0000009151900000,0x0000009151a00000)]
  0x000001cd924ee200 JavaThread "Reference Handler" daemon [_thread_blocked, id=5540, stack(0x0000009151c00000,0x0000009151d00000)]
  0x000001cda6a73690 JavaThread "Finalizer" daemon [_thread_blocked, id=13452, stack(0x0000009151d00000,0x0000009151e00000)]
  0x000001cda6a9e320 JavaThread "Signal Dispatcher" daemon [_thread_blocked, id=1460, stack(0x0000009151e00000,0x0000009151f00000)]
  0x000001cda6a9ecf0 JavaThread "Attach Listener" daemon [_thread_blocked, id=12736, stack(0x0000009151f00000,0x0000009152000000)]
  0x000001cda6aa17d0 JavaThread "Service Thread" daemon [_thread_blocked, id=8292, stack(0x0000009152000000,0x0000009152100000)]
  0x000001cda6aa41b0 JavaThread "Monitor Deflation Thread" daemon [_thread_blocked, id=5284, stack(0x0000009152100000,0x0000009152200000)]
=>0x000001cda6aa4db0 JavaThread "C2 CompilerThread0" daemon [_thread_in_native, id=11984, stack(0x0000009152200000,0x0000009152300000)]
  0x000001cda6abe980 JavaThread "C1 CompilerThread0" daemon [_thread_in_native, id=12620, stack(0x0000009152300000,0x0000009152400000)]
  0x000001cdabd32b50 JavaThread "Sweeper thread" daemon [_thread_blocked, id=4004, stack(0x0000009152400000,0x0000009152500000)]
  0x000001cd9249e930 JavaThread "Common-Cleaner" daemon [_thread_blocked, id=9944, stack(0x0000009152500000,0x0000009152600000)]
  0x000001cdabf87f90 JavaThread "Notification Thread" daemon [_thread_blocked, id=4056, stack(0x0000009152600000,0x0000009152700000)]
  0x000001cdac47e820 JavaThread "Active Thread: Equinox Container: f1cd73b7-9af1-44d8-9964-5d2118427f77" [_thread_blocked, id=11588, stack(0x0000009152b00000,0x0000009152c00000)]
  0x000001cdac2880e0 JavaThread "Refresh Thread: Equinox Container: f1cd73b7-9af1-44d8-9964-5d2118427f77" daemon [_thread_blocked, id=4536, stack(0x0000009152c00000,0x0000009152d00000)]
  0x000001cdac5f5ce0 JavaThread "Framework Event Dispatcher: Equinox Container: f1cd73b7-9af1-44d8-9964-5d2118427f77" daemon [_thread_blocked, id=2960, stack(0x0000009152d00000,0x0000009152e00000)]
  0x000001cdabdf4c20 JavaThread "Start Level: Equinox Container: f1cd73b7-9af1-44d8-9964-5d2118427f77" daemon [_thread_blocked, id=12108, stack(0x0000009152e00000,0x0000009152f00000)]
  0x000001cdac20ec70 JavaThread "Bundle File Closer" daemon [_thread_blocked, id=10396, stack(0x0000009152f00000,0x0000009153000000)]
  0x000001cdacc2f640 JavaThread "SCR Component Actor" daemon [_thread_blocked, id=15004, stack(0x0000009153000000,0x0000009153100000)]
  0x000001cdacc2dcf0 JavaThread "Worker-JM" [_thread_blocked, id=11788, stack(0x0000009153200000,0x0000009153300000)]
  0x000001cdacc2d7e0 JavaThread "JNA Cleaner" daemon [_thread_blocked, id=12512, stack(0x0000009153300000,0x0000009153400000)]
  0x000001cdacc2e200 JavaThread "Worker-0" [_thread_blocked, id=12744, stack(0x0000009153400000,0x0000009153500000)]
  0x000001cdacc2c8b0 JavaThread "Worker-1: Repository registry initialization" [_thread_in_native, id=8200, stack(0x0000009153500000,0x0000009153600000)]
  0x000001cdacc2f130 JavaThread "Worker-2" [_thread_blocked, id=4380, stack(0x0000009153700000,0x0000009153800000)]
  0x000001cdacc2fb50 JavaThread "Worker-3" [_thread_blocked, id=11012, stack(0x0000009153800000,0x0000009153900000)]
  0x000001cdacc2d2d0 JavaThread "Java indexing" daemon [_thread_blocked, id=6464, stack(0x0000009153900000,0x0000009153a00000)]
  0x000001cdacc2cdc0 JavaThread "Thread-2" daemon [_thread_in_native, id=14688, stack(0x0000009153100000,0x0000009153200000)]
  0x000001cdacc2e710 JavaThread "Thread-3" daemon [_thread_in_native, id=9516, stack(0x0000009153c00000,0x0000009153d00000)]
  0x000001cdb0b3cef0 JavaThread "Thread-4" daemon [_thread_in_native, id=12040, stack(0x0000009153d00000,0x0000009153e00000)]
  0x000001cdb0b3c9e0 JavaThread "Thread-5" daemon [_thread_in_native, id=8796, stack(0x0000009153e00000,0x0000009153f00000)]
  0x000001cdb0b3e330 JavaThread "Thread-6" daemon [_thread_in_native, id=15352, stack(0x0000009153f00000,0x0000009154000000)]
  0x000001cdb0b3e840 JavaThread "pool-2-thread-1" [_thread_blocked, id=15068, stack(0x0000009154000000,0x0000009154100000)]
  0x000001cdb0b3d400 JavaThread "WorkspaceEventsHandler" [_thread_blocked, id=11896, stack(0x0000009154100000,0x0000009154200000)]
  0x000001cdb0b3ed50 JavaThread "pool-1-thread-1" [_thread_in_native, id=12008, stack(0x0000009154200000,0x0000009154300000)]
  0x000001cdb0b3fc80 JavaThread "ForkJoinPool.commonPool-worker-1" daemon [_thread_blocked, id=3112, stack(0x0000009154300000,0x0000009154400000)]
  0x000001cdb0b3f260 JavaThread "ForkJoinPool.commonPool-worker-2" daemon [_thread_blocked, id=13360, stack(0x0000009154400000,0x0000009154500000)]
  0x000001cdb0b40190 JavaThread "ForkJoinPool.commonPool-worker-3" daemon [_thread_blocked, id=16204, stack(0x0000009154500000,0x0000009154600000)]
  0x000001cdac32edb0 JavaThread "C2 CompilerThread1" daemon [_thread_in_native, id=4796, stack(0x0000009153600000,0x0000009153700000)]

Other Threads:
  0x000001cd924e8cf0 VMThread "VM Thread" [stack: 0x0000009151b00000,0x0000009151c00000] [id=8248]
  0x000001cdabf81020 WatcherThread [stack: 0x0000009152700000,0x0000009152800000] [id=12660]
  0x000001cd92451280 GCTaskThread "GC Thread#0" [stack: 0x0000009151a00000,0x0000009151b00000] [id=5104]
  0x000001cdac5cd780 GCTaskThread "GC Thread#1" [stack: 0x0000009152800000,0x0000009152900000] [id=2444]
  0x000001cdac5cde50 GCTaskThread "GC Thread#2" [stack: 0x0000009152900000,0x0000009152a00000] [id=16060]
  0x000001cdac2fe440 GCTaskThread "GC Thread#3" [stack: 0x0000009152a00000,0x0000009152b00000] [id=12712]

Threads with active compile tasks:
C2 CompilerThread0    46542 6159       4       java.util.zip.ZipFile$Source::initCEN (591 bytes)
C2 CompilerThread1    46542 6195       4       com.google.inject.internal.MoreTypes::canonicalize (143 bytes)

VM state: not at safepoint (normal execution)

VM Mutex/Monitor currently owned by a thread: None

Heap address: 0x00000000c0000000, size: 1024 MB, Compressed Oops mode: 32-bit

CDS archive(s) not mapped
Compressed class space mapped at: 0x0000000100000000-0x0000000140000000, reserved size: 1073741824
Narrow klass base: 0x0000000000000000, Narrow klass shift: 3, Narrow klass range: 0x140000000

GC Precious Log:
 CPUs: 4 total, 4 available
 Memory: 6020M
 Large Page Support: Disabled
 NUMA Support: Disabled
 Compressed Oops: Enabled (32-bit)
 Alignments: Space 512K, Generation 512K, Heap 2M
 Heap Min Capacity: 100M
 Heap Initial Capacity: 100M
 Heap Max Capacity: 1G
 Pre-touch: Disabled
 Parallel Workers: 4

Heap:
 PSYoungGen      total 20480K, used 9235K [0x00000000eab00000, 0x00000000ecf80000, 0x0000000100000000)
  eden space 19456K, 42% used [0x00000000eab00000,0x00000000eb305690,0x00000000ebe00000)
  from space 1024K, 99% used [0x00000000ec580000,0x00000000ec67f7f0,0x00000000ec680000)
  to   space 7680K, 0% used [0x00000000ebe00000,0x00000000ebe00000,0x00000000ec580000)
 ParOldGen       total 68608K, used 32337K [0x00000000c0000000, 0x00000000c4300000, 0x00000000eab00000)
  object space 68608K, 47% used [0x00000000c0000000,0x00000000c1f944f8,0x00000000c4300000)
 Metaspace       used 52146K, committed 53184K, reserved 1114112K
  class space    used 5579K, committed 6016K, reserved 1048576K

Card table byte_map: [0x000001cda4350000,0x000001cda4560000] _byte_map_base: 0x000001cda3d50000

Marking Bits: (ParMarkBitMap*) 0x00007ffa39286940
 Begin Bits: [0x000001cda46c0000, 0x000001cda56c0000)
 End Bits:   [0x000001cda56c0000, 0x000001cda66c0000)

Polling page: 0x000001cd924f0000

Metaspace:

Usage:
  Non-class:     45.48 MB used.
      Class:      5.45 MB used.
       Both:     50.92 MB used.

Virtual space:
  Non-class space:       64.00 MB reserved,      46.06 MB ( 72%) committed,  1 nodes.
      Class space:        1.00 GB reserved,       5.88 MB ( <1%) committed,  1 nodes.
             Both:        1.06 GB reserved,      51.94 MB (  5%) committed. 

Chunk freelists:
   Non-Class:  1.36 MB
       Class:  10.06 MB
        Both:  11.42 MB

MaxMetaspaceSize: unlimited
CompressedClassSpaceSize: 1.00 GB
Initial GC threshold: 21.00 MB
Current GC threshold: 58.38 MB
CDS: off
MetaspaceReclaimPolicy: balanced
 - commit_granule_bytes: 65536.
 - commit_granule_words: 8192.
 - virtual_space_node_default_size: 8388608.
 - enlarge_chunks_in_place: 1.
 - new_chunks_are_fully_committed: 0.
 - uncommit_free_chunks: 1.
 - use_allocation_guard: 0.
 - handle_deallocations: 1.


Internal statistics:

num_allocs_failed_limit: 6.
num_arena_births: 714.
num_arena_deaths: 14.
num_vsnodes_births: 2.
num_vsnodes_deaths: 0.
num_space_committed: 831.
num_space_uncommitted: 0.
num_chunks_returned_to_freelist: 20.
num_chunks_taken_from_freelist: 2743.
num_chunk_merges: 11.
num_chunk_splits: 1665.
num_chunks_enlarged: 943.
num_inconsistent_stats: 0.

CodeHeap 'non-profiled nmethods': size=120000Kb used=2771Kb max_used=2771Kb free=117228Kb
 bounds [0x000001cd9cc40000, 0x000001cd9cf00000, 0x000001cda4170000]
CodeHeap 'profiled nmethods': size=120000Kb used=11100Kb max_used=11100Kb free=108899Kb
 bounds [0x000001cd95170000, 0x000001cd95c50000, 0x000001cd9c6a0000]
CodeHeap 'non-nmethods': size=5760Kb used=1295Kb max_used=1336Kb free=4464Kb
 bounds [0x000001cd9c6a0000, 0x000001cd9c910000, 0x000001cd9cc40000]
 total_blobs=6052 nmethods=5421 adapters=544
 compilation: enabled
              stopped_count=0, restarted_count=0
 full_count=0

Compilation events (20 events):
Event: 46.288 Thread 0x000001cda6abe980 6182       3       java.util.Calendar::complete (40 bytes)
Event: 46.289 Thread 0x000001cda6abe980 nmethod 6182 0x000001cd95c3c010 code [0x000001cd95c3c1c0, 0x000001cd95c3c478]
Event: 46.289 Thread 0x000001cda6abe980 6183       3       org.eclipse.osgi.internal.log.EquinoxLogWriter::write (27 bytes)
Event: 46.289 Thread 0x000001cda6abe980 nmethod 6183 0x000001cd95c3c590 code [0x000001cd95c3c760, 0x000001cd95c3cb78]
Event: 46.291 Thread 0x000001cda6abe980 6184       1       sun.util.calendar.CalendarDate::getDayOfMonth (5 bytes)
Event: 46.291 Thread 0x000001cda6abe980 nmethod 6184 0x000001cd9cef2510 code [0x000001cd9cef26a0, 0x000001cd9cef2778]
Event: 46.292 Thread 0x000001cda6abe980 6185       1       sun.util.calendar.BaseCalendar$Date::getCachedJan1 (5 bytes)
Event: 46.292 Thread 0x000001cda6abe980 nmethod 6185 0x000001cd9cef2810 code [0x000001cd9cef29a0, 0x000001cd9cef2a78]
Event: 46.292 Thread 0x000001cda6abe980 6186       3       java.lang.Integer::toString (55 bytes)
Event: 46.292 Thread 0x000001cda6abe980 nmethod 6186 0x000001cd95c3cd10 code [0x000001cd95c3cee0, 0x000001cd95c3d218]
Event: 46.292 Thread 0x000001cda6abe980 6187       3       java.util.Calendar::get (10 bytes)
Event: 46.293 Thread 0x000001cda6abe980 nmethod 6187 0x000001cd95c3d390 code [0x000001cd95c3d540, 0x000001cd95c3d7a8]
Event: 46.302 Thread 0x000001cda6abe980 6188       3       org.eclipse.sisu.bean.BeanPropertyField::getName (8 bytes)
Event: 46.303 Thread 0x000001cda6abe980 nmethod 6188 0x000001cd95c3d910 code [0x000001cd95c3daa0, 0x000001cd95c3dbd8]
Event: 46.307 Thread 0x000001cda6abe980 6189       1       sun.util.calendar.CalendarDate::setLeapYear (6 bytes)
Event: 46.307 Thread 0x000001cda6abe980 nmethod 6189 0x000001cd9cef2b10 code [0x000001cd9cef2ca0, 0x000001cd9cef2d78]
Event: 46.308 Thread 0x000001cda6abe980 6190       3       java.util.Calendar::isFieldSet (14 bytes)
Event: 46.308 Thread 0x000001cda6abe980 nmethod 6190 0x000001cd95c3dc90 code [0x000001cd95c3de20, 0x000001cd95c3df78]
Event: 46.308 Thread 0x000001cda6abe980 6191       3       java.util.HashMap::values (25 bytes)
Event: 46.308 Thread 0x000001cda6abe980 nmethod 6191 0x000001cd95c3e010 code [0x000001cd95c3e1c0, 0x000001cd95c3e498]

GC Heap History (20 events):
Event: 36.940 GC heap before
{Heap before GC invocations=11 (full 1):
 PSYoungGen      total 29184K, used 20806K [0x00000000eab00000, 0x00000000ecd00000, 0x0000000100000000)
  eden space 23552K, 65% used [0x00000000eab00000,0x00000000eba18ef8,0x00000000ec200000)
  from space 5632K, 94% used [0x00000000ec280000,0x00000000ec7b8ce0,0x00000000ec800000)
  to   space 5120K, 0% used [0x00000000ec800000,0x00000000ec800000,0x00000000ecd00000)
 ParOldGen       total 68608K, used 13650K [0x00000000c0000000, 0x00000000c4300000, 0x00000000eab00000)
  object space 68608K, 19% used [0x00000000c0000000,0x00000000c0d54bb0,0x00000000c4300000)
 Metaspace       used 35096K, committed 35840K, reserved 1114112K
  class space    used 3482K, committed 3840K, reserved 1048576K
}
Event: 36.949 GC heap after
{Heap after GC invocations=11 (full 1):
 PSYoungGen      total 27136K, used 3127K [0x00000000eab00000, 0x00000000ecb80000, 0x0000000100000000)
  eden space 23552K, 0% used [0x00000000eab00000,0x00000000eab00000,0x00000000ec200000)
  from space 3584K, 87% used [0x00000000ec800000,0x00000000ecb0dc90,0x00000000ecb80000)
  to   space 4096K, 0% used [0x00000000ec380000,0x00000000ec380000,0x00000000ec780000)
 ParOldGen       total 68608K, used 15784K [0x00000000c0000000, 0x00000000c4300000, 0x00000000eab00000)
  object space 68608K, 23% used [0x00000000c0000000,0x00000000c0f6a078,0x00000000c4300000)
 Metaspace       used 35096K, committed 35840K, reserved 1114112K
  class space    used 3482K, committed 3840K, reserved 1048576K
}
Event: 36.949 GC heap before
{Heap before GC invocations=12 (full 2):
 PSYoungGen      total 27136K, used 3127K [0x00000000eab00000, 0x00000000ecb80000, 0x0000000100000000)
  eden space 23552K, 0% used [0x00000000eab00000,0x00000000eab00000,0x00000000ec200000)
  from space 3584K, 87% used [0x00000000ec800000,0x00000000ecb0dc90,0x00000000ecb80000)
  to   space 4096K, 0% used [0x00000000ec380000,0x00000000ec380000,0x00000000ec780000)
 ParOldGen       total 68608K, used 15784K [0x00000000c0000000, 0x00000000c4300000, 0x00000000eab00000)
  object space 68608K, 23% used [0x00000000c0000000,0x00000000c0f6a078,0x00000000c4300000)
 Metaspace       used 35096K, committed 35840K, reserved 1114112K
  class space    used 3482K, committed 3840K, reserved 1048576K
}
Event: 37.012 GC heap after
{Heap after GC invocations=12 (full 2):
 PSYoungGen      total 27136K, used 0K [0x00000000eab00000, 0x00000000ecb80000, 0x0000000100000000)
  eden space 23552K, 0% used [0x00000000eab00000,0x00000000eab00000,0x00000000ec200000)
  from space 3584K, 0% used [0x00000000ec800000,0x00000000ec800000,0x00000000ecb80000)
  to   space 4096K, 0% used [0x00000000ec380000,0x00000000ec380000,0x00000000ec780000)
 ParOldGen       total 68608K, used 14939K [0x00000000c0000000, 0x00000000c4300000, 0x00000000eab00000)
  object space 68608K, 21% used [0x00000000c0000000,0x00000000c0e96e78,0x00000000c4300000)
 Metaspace       used 35083K, committed 35840K, reserved 1114112K
  class space    used 3479K, committed 3840K, reserved 1048576K
}
Event: 37.851 GC heap before
{Heap before GC invocations=13 (full 2):
 PSYoungGen      total 27136K, used 23552K [0x00000000eab00000, 0x00000000ecb80000, 0x0000000100000000)
  eden space 23552K, 100% used [0x00000000eab00000,0x00000000ec200000,0x00000000ec200000)
  from space 3584K, 0% used [0x00000000ec800000,0x00000000ec800000,0x00000000ecb80000)
  to   space 4096K, 0% used [0x00000000ec380000,0x00000000ec380000,0x00000000ec780000)
 ParOldGen       total 68608K, used 14939K [0x00000000c0000000, 0x00000000c4300000, 0x00000000eab00000)
  object space 68608K, 21% used [0x00000000c0000000,0x00000000c0e96e78,0x00000000c4300000)
 Metaspace       used 36593K, committed 37376K, reserved 1114112K
  class space    used 3697K, committed 4032K, reserved 1048576K
}
Event: 37.855 GC heap after
{Heap after GC invocations=13 (full 2):
 PSYoungGen      total 24064K, used 533K [0x00000000eab00000, 0x00000000ec880000, 0x0000000100000000)
  eden space 23040K, 0% used [0x00000000eab00000,0x00000000eab00000,0x00000000ec180000)
  from space 1024K, 52% used [0x00000000ec380000,0x00000000ec405408,0x00000000ec480000)
  to   space 2048K, 0% used [0x00000000ec680000,0x00000000ec680000,0x00000000ec880000)
 ParOldGen       total 68608K, used 14947K [0x00000000c0000000, 0x00000000c4300000, 0x00000000eab00000)
  object space 68608K, 21% used [0x00000000c0000000,0x00000000c0e98e78,0x00000000c4300000)
 Metaspace       used 36593K, committed 37376K, reserved 1114112K
  class space    used 3697K, committed 4032K, reserved 1048576K
}
Event: 39.666 GC heap before
{Heap before GC invocations=14 (full 2):
 PSYoungGen      total 24064K, used 23573K [0x00000000eab00000, 0x00000000ec880000, 0x0000000100000000)
  eden space 23040K, 100% used [0x00000000eab00000,0x00000000ec180000,0x00000000ec180000)
  from space 1024K, 52% used [0x00000000ec380000,0x00000000ec405408,0x00000000ec480000)
  to   space 2048K, 0% used [0x00000000ec680000,0x00000000ec680000,0x00000000ec880000)
 ParOldGen       total 68608K, used 14947K [0x00000000c0000000, 0x00000000c4300000, 0x00000000eab00000)
  object space 68608K, 21% used [0x00000000c0000000,0x00000000c0e98e78,0x00000000c4300000)
 Metaspace       used 38912K, committed 39744K, reserved 1114112K
  class space    used 3929K, committed 4288K, reserved 1048576K
}
Event: 39.669 GC heap after
{Heap after GC invocations=14 (full 2):
 PSYoungGen      total 24064K, used 1225K [0x00000000eab00000, 0x00000000ec800000, 0x0000000100000000)
  eden space 22528K, 0% used [0x00000000eab00000,0x00000000eab00000,0x00000000ec100000)
  from space 1536K, 79% used [0x00000000ec680000,0x00000000ec7b25d8,0x00000000ec800000)
  to   space 1536K, 0% used [0x00000000ec500000,0x00000000ec500000,0x00000000ec680000)
 ParOldGen       total 68608K, used 15386K [0x00000000c0000000, 0x00000000c4300000, 0x00000000eab00000)
  object space 68608K, 22% used [0x00000000c0000000,0x00000000c0f06ba0,0x00000000c4300000)
 Metaspace       used 38912K, committed 39744K, reserved 1114112K
  class space    used 3929K, committed 4288K, reserved 1048576K
}
Event: 40.390 GC heap before
{Heap before GC invocations=15 (full 2):
 PSYoungGen      total 24064K, used 23753K [0x00000000eab00000, 0x00000000ec800000, 0x0000000100000000)
  eden space 22528K, 100% used [0x00000000eab00000,0x00000000ec100000,0x00000000ec100000)
  from space 1536K, 79% used [0x00000000ec680000,0x00000000ec7b25d8,0x00000000ec800000)
  to   space 1536K, 0% used [0x00000000ec500000,0x00000000ec500000,0x00000000ec680000)
 ParOldGen       total 68608K, used 15386K [0x00000000c0000000, 0x00000000c4300000, 0x00000000eab00000)
  object space 68608K, 22% used [0x00000000c0000000,0x00000000c0f06ba0,0x00000000c4300000)
 Metaspace       used 41164K, committed 42112K, reserved 1114112K
  class space    used 4220K, committed 4608K, reserved 1048576K
}
Event: 40.396 GC heap after
{Heap after GC invocations=15 (full 2):
 PSYoungGen      total 23040K, used 768K [0x00000000eab00000, 0x00000000ec700000, 0x0000000100000000)
  eden space 22016K, 0% used [0x00000000eab00000,0x00000000eab00000,0x00000000ec080000)
  from space 1024K, 75% used [0x00000000ec500000,0x00000000ec5c0000,0x00000000ec600000)
  to   space 1024K, 0% used [0x00000000ec600000,0x00000000ec600000,0x00000000ec700000)
 ParOldGen       total 68608K, used 16557K [0x00000000c0000000, 0x00000000c4300000, 0x00000000eab00000)
  object space 68608K, 24% used [0x00000000c0000000,0x00000000c102b740,0x00000000c4300000)
 Metaspace       used 41164K, committed 42112K, reserved 1114112K
  class space    used 4220K, committed 4608K, reserved 1048576K
}
Event: 41.334 GC heap before
{Heap before GC invocations=16 (full 2):
 PSYoungGen      total 23040K, used 22784K [0x00000000eab00000, 0x00000000ec700000, 0x0000000100000000)
  eden space 22016K, 100% used [0x00000000eab00000,0x00000000ec080000,0x00000000ec080000)
  from space 1024K, 75% used [0x00000000ec500000,0x00000000ec5c0000,0x00000000ec600000)
  to   space 1024K, 0% used [0x00000000ec600000,0x00000000ec600000,0x00000000ec700000)
 ParOldGen       total 68608K, used 16557K [0x00000000c0000000, 0x00000000c4300000, 0x00000000eab00000)
  object space 68608K, 24% used [0x00000000c0000000,0x00000000c102b740,0x00000000c4300000)
 Metaspace       used 43698K, committed 44672K, reserved 1114112K
  class space    used 4532K, committed 4928K, reserved 1048576K
}
Event: 41.340 GC heap after
{Heap after GC invocations=16 (full 2):
 PSYoungGen      total 23040K, used 982K [0x00000000eab00000, 0x00000000ec700000, 0x0000000100000000)
  eden space 22016K, 0% used [0x00000000eab00000,0x00000000eab00000,0x00000000ec080000)
  from space 1024K, 95% used [0x00000000ec600000,0x00000000ec6f5a40,0x00000000ec700000)
  to   space 1536K, 0% used [0x00000000ec400000,0x00000000ec400000,0x00000000ec580000)
 ParOldGen       total 68608K, used 17257K [0x00000000c0000000, 0x00000000c4300000, 0x00000000eab00000)
  object space 68608K, 25% used [0x00000000c0000000,0x00000000c10da7c8,0x00000000c4300000)
 Metaspace       used 43698K, committed 44672K, reserved 1114112K
  class space    used 4532K, committed 4928K, reserved 1048576K
}
Event: 42.157 GC heap before
{Heap before GC invocations=17 (full 2):
 PSYoungGen      total 23040K, used 22998K [0x00000000eab00000, 0x00000000ec700000, 0x0000000100000000)
  eden space 22016K, 100% used [0x00000000eab00000,0x00000000ec080000,0x00000000ec080000)
  from space 1024K, 95% used [0x00000000ec600000,0x00000000ec6f5a40,0x00000000ec700000)
  to   space 1536K, 0% used [0x00000000ec400000,0x00000000ec400000,0x00000000ec580000)
 ParOldGen       total 68608K, used 17257K [0x00000000c0000000, 0x00000000c4300000, 0x00000000eab00000)
  object space 68608K, 25% used [0x00000000c0000000,0x00000000c10da7c8,0x00000000c4300000)
 Metaspace       used 46003K, committed 47040K, reserved 1114112K
  class space    used 4820K, committed 5248K, reserved 1048576K
}
Event: 42.167 GC heap after
{Heap after GC invocations=17 (full 2):
 PSYoungGen      total 23552K, used 1488K [0x00000000eab00000, 0x00000000ec680000, 0x0000000100000000)
  eden space 22016K, 0% used [0x00000000eab00000,0x00000000eab00000,0x00000000ec080000)
  from space 1536K, 96% used [0x00000000ec400000,0x00000000ec574020,0x00000000ec580000)
  to   space 1024K, 0% used [0x00000000ec580000,0x00000000ec580000,0x00000000ec680000)
 ParOldGen       total 68608K, used 18176K [0x00000000c0000000, 0x00000000c4300000, 0x00000000eab00000)
  object space 68608K, 26% used [0x00000000c0000000,0x00000000c11c00b8,0x00000000c4300000)
 Metaspace       used 46003K, committed 47040K, reserved 1114112K
  class space    used 4820K, committed 5248K, reserved 1048576K
}
Event: 43.362 GC heap before
{Heap before GC invocations=18 (full 2):
 PSYoungGen      total 23552K, used 23504K [0x00000000eab00000, 0x00000000ec680000, 0x0000000100000000)
  eden space 22016K, 100% used [0x00000000eab00000,0x00000000ec080000,0x00000000ec080000)
  from space 1536K, 96% used [0x00000000ec400000,0x00000000ec574020,0x00000000ec580000)
  to   space 1024K, 0% used [0x00000000ec580000,0x00000000ec580000,0x00000000ec680000)
 ParOldGen       total 68608K, used 18176K [0x00000000c0000000, 0x00000000c4300000, 0x00000000eab00000)
  object space 68608K, 26% used [0x00000000c0000000,0x00000000c11c00b8,0x00000000c4300000)
 Metaspace       used 48494K, committed 49536K, reserved 1114112K
  class space    used 5115K, committed 5568K, reserved 1048576K
}
Event: 43.369 GC heap after
{Heap after GC invocations=18 (full 2):
 PSYoungGen      total 23040K, used 1007K [0x00000000eab00000, 0x00000000ec680000, 0x0000000100000000)
  eden space 22016K, 0% used [0x00000000eab00000,0x00000000eab00000,0x00000000ec080000)
  from space 1024K, 98% used [0x00000000ec580000,0x00000000ec67bc50,0x00000000ec680000)
  to   space 3072K, 0% used [0x00000000ec080000,0x00000000ec080000,0x00000000ec380000)
 ParOldGen       total 68608K, used 19963K [0x00000000c0000000, 0x00000000c4300000, 0x00000000eab00000)
  object space 68608K, 29% used [0x00000000c0000000,0x00000000c137ec50,0x00000000c4300000)
 Metaspace       used 48494K, committed 49536K, reserved 1114112K
  class space    used 5115K, committed 5568K, reserved 1048576K
}
Event: 43.672 GC heap before
{Heap before GC invocations=19 (full 2):
 PSYoungGen      total 23040K, used 23023K [0x00000000eab00000, 0x00000000ec680000, 0x0000000100000000)
  eden space 22016K, 100% used [0x00000000eab00000,0x00000000ec080000,0x00000000ec080000)
  from space 1024K, 98% used [0x00000000ec580000,0x00000000ec67bc50,0x00000000ec680000)
  to   space 3072K, 0% used [0x00000000ec080000,0x00000000ec080000,0x00000000ec380000)
 ParOldGen       total 68608K, used 19963K [0x00000000c0000000, 0x00000000c4300000, 0x00000000eab00000)
  object space 68608K, 29% used [0x00000000c0000000,0x00000000c137ec50,0x00000000c4300000)
 Metaspace       used 49569K, committed 50624K, reserved 1114112K
  class space    used 5234K, committed 5696K, reserved 1048576K
}
Event: 43.766 GC heap after
{Heap after GC invocations=19 (full 2):
 PSYoungGen      total 25088K, used 3069K [0x00000000eab00000, 0x00000000ec680000, 0x0000000100000000)
  eden space 22016K, 0% used [0x00000000eab00000,0x00000000eab00000,0x00000000ec080000)
  from space 3072K, 99% used [0x00000000ec080000,0x00000000ec37f698,0x00000000ec380000)
  to   space 1024K, 0% used [0x00000000ec580000,0x00000000ec580000,0x00000000ec680000)
 ParOldGen       total 68608K, used 27501K [0x00000000c0000000, 0x00000000c4300000, 0x00000000eab00000)
  object space 68608K, 40% used [0x00000000c0000000,0x00000000c1adb6f8,0x00000000c4300000)
 Metaspace       used 49569K, committed 50624K, reserved 1114112K
  class space    used 5234K, committed 5696K, reserved 1048576K
}
Event: 45.237 GC heap before
{Heap before GC invocations=20 (full 2):
 PSYoungGen      total 25088K, used 25085K [0x00000000eab00000, 0x00000000ec680000, 0x0000000100000000)
  eden space 22016K, 100% used [0x00000000eab00000,0x00000000ec080000,0x00000000ec080000)
  from space 3072K, 99% used [0x00000000ec080000,0x00000000ec37f698,0x00000000ec380000)
  to   space 1024K, 0% used [0x00000000ec580000,0x00000000ec580000,0x00000000ec680000)
 ParOldGen       total 68608K, used 27501K [0x00000000c0000000, 0x00000000c4300000, 0x00000000eab00000)
  object space 68608K, 40% used [0x00000000c0000000,0x00000000c1adb6f8,0x00000000c4300000)
 Metaspace       used 51233K, committed 52288K, reserved 1114112K
  class space    used 5470K, committed 5952K, reserved 1048576K
}
Event: 45.248 GC heap after
{Heap after GC invocations=20 (full 2):
 PSYoungGen      total 20480K, used 1021K [0x00000000eab00000, 0x00000000ecf80000, 0x0000000100000000)
  eden space 19456K, 0% used [0x00000000eab00000,0x00000000eab00000,0x00000000ebe00000)
  from space 1024K, 99% used [0x00000000ec580000,0x00000000ec67f7f0,0x00000000ec680000)
  to   space 7680K, 0% used [0x00000000ebe00000,0x00000000ebe00000,0x00000000ec580000)
 ParOldGen       total 68608K, used 32337K [0x00000000c0000000, 0x00000000c4300000, 0x00000000eab00000)
  object space 68608K, 47% used [0x00000000c0000000,0x00000000c1f944f8,0x00000000c4300000)
 Metaspace       used 51233K, committed 52288K, reserved 1114112K
  class space    used 5470K, committed 5952K, reserved 1048576K
}

Dll operation events (10 events):
Event: 0.038 Loaded shared library c:\Users\LENOVO\.vscode\extensions\redhat.java-1.36.0-win32-x64\jre\17.0.13-win32-x86_64\bin\java.dll
Event: 2.155 Loaded shared library c:\Users\LENOVO\.vscode\extensions\redhat.java-1.36.0-win32-x64\jre\17.0.13-win32-x86_64\bin\zip.dll
Event: 2.163 Loaded shared library C:\Users\LENOVO\.vscode\extensions\redhat.java-1.36.0-win32-x64\jre\17.0.13-win32-x86_64\bin\instrument.dll
Event: 2.505 Loaded shared library C:\Users\LENOVO\.vscode\extensions\redhat.java-1.36.0-win32-x64\jre\17.0.13-win32-x86_64\bin\net.dll
Event: 2.514 Loaded shared library C:\Users\LENOVO\.vscode\extensions\redhat.java-1.36.0-win32-x64\jre\17.0.13-win32-x86_64\bin\nio.dll
Event: 2.553 Loaded shared library C:\Users\LENOVO\.vscode\extensions\redhat.java-1.36.0-win32-x64\jre\17.0.13-win32-x86_64\bin\zip.dll
Event: 2.833 Loaded shared library C:\Users\LENOVO\.vscode\extensions\redhat.java-1.36.0-win32-x64\jre\17.0.13-win32-x86_64\bin\jimage.dll
Event: 3.422 Loaded shared library c:\Users\LENOVO\.vscode\extensions\redhat.java-1.36.0-win32-x64\jre\17.0.13-win32-x86_64\bin\verify.dll
Event: 14.982 Loaded shared library C:\Users\LENOVO\AppData\Roaming\Code\User\globalStorage\redhat.java\1.36.0\config_win\org.eclipse.equinox.launcher\org.eclipse.equinox.launcher.win32.win32.x86_64_1.2.1100.v20240722-2106\eclipse_11904.dll
Event: 30.420 Loaded shared library C:\Users\LENOVO\AppData\Local\Temp\jna--2053026509\jna2912631472031983300.dll

Deoptimization events (20 events):
Event: 45.342 Thread 0x000001cdacc2c8b0 DEOPT PACKING pc=0x000001cd9cc8f370 sp=0x00000091535fe890
Event: 45.342 Thread 0x000001cdacc2c8b0 DEOPT UNPACKING pc=0x000001cd9c6f66a3 sp=0x00000091535fe798 mode 2
Event: 45.342 Thread 0x000001cdacc2c8b0 Uncommon trap: trap_request=0xffffffde fr.pc=0x000001cd9cc8f370 relative=0x00000000000003b0
Event: 45.342 Thread 0x000001cdacc2c8b0 Uncommon trap: reason=class_check action=maybe_recompile pc=0x000001cd9cc8f370 method=java.util.HashMap.removeNode(ILjava/lang/Object;Ljava/lang/Object;ZZ)Ljava/util/HashMap$Node; @ 283 c2
Event: 45.342 Thread 0x000001cdacc2c8b0 DEOPT PACKING pc=0x000001cd9cc8f370 sp=0x00000091535fe890
Event: 45.342 Thread 0x000001cdacc2c8b0 DEOPT UNPACKING pc=0x000001cd9c6f66a3 sp=0x00000091535fe798 mode 2
Event: 45.343 Thread 0x000001cdacc2c8b0 Uncommon trap: trap_request=0xffffffde fr.pc=0x000001cd9ce65270 relative=0x0000000000000330
Event: 45.343 Thread 0x000001cdacc2c8b0 Uncommon trap: reason=class_check action=maybe_recompile pc=0x000001cd9ce65270 method=java.util.HashMap.removeNode(ILjava/lang/Object;Ljava/lang/Object;ZZ)Ljava/util/HashMap$Node; @ 283 c2
Event: 45.343 Thread 0x000001cdacc2c8b0 DEOPT PACKING pc=0x000001cd9ce65270 sp=0x00000091535fe7f0
Event: 45.343 Thread 0x000001cdacc2c8b0 DEOPT UNPACKING pc=0x000001cd9c6f66a3 sp=0x00000091535fe798 mode 2
Event: 46.070 Thread 0x000001cdacc2c8b0 Uncommon trap: trap_request=0x000000e1 fr.pc=0x000001cd9cde82e4 relative=0x00000000000000c4
Event: 46.070 Thread 0x000001cdacc2c8b0 Uncommon trap: reason=unloaded action=reinterpret pc=0x000001cd9cde82e4 method=org.codehaus.plexus.util.xml.pull.MXParser.more()C @ 22 c2
Event: 46.070 Thread 0x000001cdacc2c8b0 DEOPT PACKING pc=0x000001cd9cde82e4 sp=0x00000091535fecf0
Event: 46.070 Thread 0x000001cdacc2c8b0 DEOPT UNPACKING pc=0x000001cd9c6f66a3 sp=0x00000091535fec90 mode 2
Event: 46.104 Thread 0x000001cdb0b3ed50 DEOPT PACKING pc=0x000001cd954e2bb7 sp=0x00000091542fd9b0
Event: 46.104 Thread 0x000001cdb0b3ed50 DEOPT UNPACKING pc=0x000001cd9c6f6e43 sp=0x00000091542fce38 mode 0
Event: 46.156 Thread 0x000001cdb0b3ed50 DEOPT PACKING pc=0x000001cd95aa3887 sp=0x00000091542fd9f0
Event: 46.156 Thread 0x000001cdb0b3ed50 DEOPT UNPACKING pc=0x000001cd9c6f6e43 sp=0x00000091542fcf70 mode 0
Event: 46.193 Thread 0x000001cdb0b3ed50 DEOPT PACKING pc=0x000001cd9534fc8b sp=0x00000091542fdc60
Event: 46.193 Thread 0x000001cdb0b3ed50 DEOPT UNPACKING pc=0x000001cd9c6f6e43 sp=0x00000091542fd198 mode 0

Classes loaded (20 events):
Event: 43.485 Loading class java/util/function/ToIntFunction
Event: 43.485 Loading class java/util/function/ToIntFunction done
Event: 43.913 Loading class java/time/Clock$SystemClock
Event: 43.915 Loading class java/time/Clock$SystemClock done
Event: 44.008 Loading class java/nio/channels/spi/AbstractInterruptibleChannel$1
Event: 44.008 Loading class sun/nio/ch/Interruptible
Event: 44.008 Loading class sun/nio/ch/Interruptible done
Event: 44.008 Loading class java/nio/channels/spi/AbstractInterruptibleChannel$1 done
Event: 44.458 Loading class java/util/AbstractList$RandomAccessSubList
Event: 44.458 Loading class java/util/AbstractList$SubList
Event: 44.459 Loading class java/util/AbstractList$SubList done
Event: 44.459 Loading class java/util/AbstractList$RandomAccessSubList done
Event: 44.459 Loading class java/util/AbstractList$ListItr
Event: 44.459 Loading class java/util/AbstractList$ListItr done
Event: 44.462 Loading class java/util/AbstractList$SubList$1
Event: 44.463 Loading class java/util/AbstractList$SubList$1 done
Event: 44.465 Loading class java/lang/invoke/MethodHandleImpl$CountingWrapper
Event: 44.465 Loading class java/lang/invoke/MethodHandleImpl$CountingWrapper done
Event: 46.039 Loading class java/lang/ProcessEnvironment$CheckedKeySet
Event: 46.039 Loading class java/lang/ProcessEnvironment$CheckedKeySet done

Classes unloaded (7 events):
Event: 36.961 Thread 0x000001cd924e8cf0 Unloading class 0x0000000100258000 'java/lang/invoke/LambdaForm$MH+0x0000000100258000'
Event: 36.961 Thread 0x000001cd924e8cf0 Unloading class 0x0000000100253c00 'java/lang/invoke/LambdaForm$MH+0x0000000100253c00'
Event: 36.961 Thread 0x000001cd924e8cf0 Unloading class 0x0000000100253800 'java/lang/invoke/LambdaForm$MH+0x0000000100253800'
Event: 36.961 Thread 0x000001cd924e8cf0 Unloading class 0x0000000100253400 'java/lang/invoke/LambdaForm$MH+0x0000000100253400'
Event: 36.961 Thread 0x000001cd924e8cf0 Unloading class 0x0000000100253000 'java/lang/invoke/LambdaForm$BMH+0x0000000100253000'
Event: 36.961 Thread 0x000001cd924e8cf0 Unloading class 0x0000000100252c00 'java/lang/invoke/LambdaForm$DMH+0x0000000100252c00'
Event: 36.961 Thread 0x000001cd924e8cf0 Unloading class 0x0000000100250400 'java/lang/invoke/LambdaForm$DMH+0x0000000100250400'

Classes redefined (0 events):
No events

Internal exceptions (20 events):
Event: 42.342 Thread 0x000001cdacc2e200 Exception <a 'java/io/FileNotFoundException'{0x00000000eaed1550}> (0x00000000eaed1550) 
thrown [s\src\hotspot\share\prims\jni.cpp, line 516]
Event: 42.343 Thread 0x000001cdacc2e200 Exception <a 'java/io/FileNotFoundException'{0x00000000eaed27f8}> (0x00000000eaed27f8) 
thrown [s\src\hotspot\share\prims\jni.cpp, line 516]
Event: 42.346 Thread 0x000001cdacc2e200 Exception <a 'java/lang/NoSuchMethodError'{0x00000000eaf64808}: 'java.lang.Object java.lang.invoke.DirectMethodHandle$Holder.newInvokeSpecial(java.lang.Object, java.lang.Object, java.lang.Object, int)'> (0x00000000eaf64808) 
thrown [s\src\hotspot\share\interpreter\linkResolver.cpp, line 759]
Event: 42.348 Thread 0x000001cdacc2e200 Exception <a 'java/lang/NoSuchMethodError'{0x00000000eaf68910}: 'java.lang.Object java.lang.invoke.DirectMethodHandle$Holder.invokeSpecial(java.lang.Object, java.lang.Object, java.lang.Object, java.lang.Object, int)'> (0x00000000eaf68910) 
thrown [s\src\hotspot\share\interpreter\linkResolver.cpp, line 759]
Event: 42.348 Thread 0x000001cdacc2e200 Exception <a 'java/lang/NoSuchMethodError'{0x00000000eaf6c5f0}: 'java.lang.Object java.lang.invoke.Invokers$Holder.linkToTargetMethod(java.lang.Object, java.lang.Object, int, java.lang.Object)'> (0x00000000eaf6c5f0) 
thrown [s\src\hotspot\share\interpreter\linkResolver.cpp, line 759]
Event: 42.356 Thread 0x000001cdacc2e200 Exception <a 'java/lang/NoSuchMethodError'{0x00000000eaf78bb8}: 'void java.lang.invoke.DirectMethodHandle$Holder.invokeStaticInit(java.lang.Object, java.lang.Object, java.lang.Object)'> (0x00000000eaf78bb8) 
thrown [s\src\hotspot\share\interpreter\linkResolver.cpp, line 759]
Event: 42.739 Thread 0x000001cd9243d7b0 Exception <a 'java/lang/NoSuchMethodError'{0x00000000eb390638}: 'void java.lang.invoke.DirectMethodHandle$Holder.invokeSpecial(java.lang.Object, java.lang.Object, java.lang.Object, java.lang.Object, java.lang.Object, java.lang.Object)'> (0x00000000eb390638) 
thrown [s\src\hotspot\share\interpreter\linkResolver.cpp, line 759]
Event: 42.790 Thread 0x000001cd9243d7b0 Exception <a 'java/lang/IncompatibleClassChangeError'{0x00000000eb42ee20}: Found class java.lang.Object, but interface was expected> (0x00000000eb42ee20) 
thrown [s\src\hotspot\share\interpreter\linkResolver.cpp, line 826]
Event: 43.377 Thread 0x000001cdacc2e200 Exception <a 'java/io/FileNotFoundException'{0x00000000eab08db8}> (0x00000000eab08db8) 
thrown [s\src\hotspot\share\prims\jni.cpp, line 516]
Event: 43.377 Thread 0x000001cdacc2e200 Exception <a 'java/io/FileNotFoundException'{0x00000000eab09b40}> (0x00000000eab09b40) 
thrown [s\src\hotspot\share\prims\jni.cpp, line 516]
Event: 43.393 Thread 0x000001cdacc2c8b0 Exception <a 'java/lang/ExceptionInInitializerError'{0x00000000eac21b88}> (0x00000000eac21b88) 
thrown [s\src\hotspot\share\oops\instanceKlass.cpp, line 1218]
Event: 43.484 Thread 0x000001cdacc2c8b0 Implicit null exception at 0x000001cd9cd6662f to 0x000001cd9cd667bc
Event: 43.484 Thread 0x000001cdacc2c8b0 Implicit null exception at 0x000001cd9ccd2589 to 0x000001cd9ccd3990
Event: 43.487 Thread 0x000001cdacc2c8b0 Exception <a 'java/lang/NoSuchMethodError'{0x00000000eb0a8640}: 'java.lang.Object java.lang.invoke.Invokers$Holder.invokeExact_MT(java.lang.Object, int, java.lang.Object)'> (0x00000000eb0a8640) 
thrown [s\src\hotspot\share\interpreter\linkResolver.cpp, line 759]
Event: 44.006 Thread 0x000001cdacc2fb50 Exception <a 'java/lang/NoSuchMethodError'{0x00000000eb742ba8}: 'void java.lang.invoke.DirectMethodHandle$Holder.invokeStaticInit(java.lang.Object, java.lang.Object, java.lang.Object, java.lang.Object)'> (0x00000000eb742ba8) 
thrown [s\src\hotspot\share\interpreter\linkResolver.cpp, line 759]
Event: 44.231 Thread 0x000001cdb0b3ed50 Exception <a 'java/io/FileNotFoundException'{0x00000000eba771c8}> (0x00000000eba771c8) 
thrown [s\src\hotspot\share\prims\jni.cpp, line 516]
Event: 44.464 Thread 0x000001cdb0b3ed50 Exception <a 'java/lang/NoSuchMethodError'{0x00000000ebceffe8}: 'java.lang.Object java.lang.invoke.DirectMethodHandle$Holder.invokeStatic(java.lang.Object, int, java.lang.Object, java.lang.Object)'> (0x00000000ebceffe8) 
thrown [s\src\hotspot\share\interpreter\linkResolver.cpp, line 759]
Event: 44.464 Thread 0x000001cdb0b3ed50 Exception <a 'java/lang/NoSuchMethodError'{0x00000000ebcf3b20}: 'java.lang.Object java.lang.invoke.DelegatingMethodHandle$Holder.delegate(java.lang.Object, int, java.lang.Object, java.lang.Object)'> (0x00000000ebcf3b20) 
thrown [s\src\hotspot\share\interpreter\linkResolver.cpp, line 759]
Event: 44.488 Thread 0x000001cdb0b3ed50 Exception <a 'java/lang/NoSuchMethodError'{0x00000000ebd08fd0}: 'int java.lang.invoke.Invokers$Holder.linkToTargetMethod(java.lang.Object, java.lang.Object, java.lang.Object)'> (0x00000000ebd08fd0) 
thrown [s\src\hotspot\share\interpreter\linkResolver.cpp, line 759]
Event: 45.962 Thread 0x000001cdacc2c8b0 Exception <a 'java/lang/NoClassDefFoundError'{0x00000000ead9a320}: com/google/inject/servlet/ServletModuleTargetVisitor> (0x00000000ead9a320) 
thrown [s\src\hotspot\share\classfile\systemDictionary.cpp, line 245]

VM Operations (20 events):
Event: 41.866 Executing VM operation: HandshakeAllThreads
Event: 41.881 Executing VM operation: HandshakeAllThreads done
Event: 42.147 Executing VM operation: ParallelGCFailedAllocation
Event: 42.167 Executing VM operation: ParallelGCFailedAllocation done
Event: 43.180 Executing VM operation: Cleanup
Event: 43.196 Executing VM operation: Cleanup done
Event: 43.361 Executing VM operation: ParallelGCFailedAllocation
Event: 43.369 Executing VM operation: ParallelGCFailedAllocation done
Event: 43.609 Executing VM operation: HandshakeAllThreads
Event: 43.626 Executing VM operation: HandshakeAllThreads done
Event: 43.667 Executing VM operation: ParallelGCFailedAllocation
Event: 43.766 Executing VM operation: ParallelGCFailedAllocation done
Event: 43.971 Executing VM operation: HandshakeAllThreads
Event: 43.979 Executing VM operation: HandshakeAllThreads done
Event: 44.461 Executing VM operation: HandshakeAllThreads
Event: 44.462 Executing VM operation: HandshakeAllThreads done
Event: 45.237 Executing VM operation: ParallelGCFailedAllocation
Event: 45.249 Executing VM operation: ParallelGCFailedAllocation done
Event: 46.250 Executing VM operation: Cleanup
Event: 46.265 Executing VM operation: Cleanup done

Memory protections (0 events):
No events

Nmethod flushes (20 events):
Event: 41.273 Thread 0x000001cdabd32b50 flushing  nmethod 0x000001cd95a85910
Event: 41.273 Thread 0x000001cdabd32b50 flushing  nmethod 0x000001cd95a92d10
Event: 41.273 Thread 0x000001cdabd32b50 flushing  nmethod 0x000001cd95a93110
Event: 41.273 Thread 0x000001cdabd32b50 flushing  nmethod 0x000001cd95a99810
Event: 41.273 Thread 0x000001cdabd32b50 flushing  nmethod 0x000001cd95aad110
Event: 41.273 Thread 0x000001cdabd32b50 flushing  nmethod 0x000001cd95ab5390
Event: 41.273 Thread 0x000001cdabd32b50 flushing  nmethod 0x000001cd95ab8b10
Event: 41.273 Thread 0x000001cdabd32b50 flushing  nmethod 0x000001cd95ab9710
Event: 41.274 Thread 0x000001cdabd32b50 flushing  nmethod 0x000001cd95af4690
Event: 41.274 Thread 0x000001cdabd32b50 flushing  nmethod 0x000001cd95af7410
Event: 41.274 Thread 0x000001cdabd32b50 flushing  nmethod 0x000001cd95af7d10
Event: 41.274 Thread 0x000001cdabd32b50 flushing  nmethod 0x000001cd95af8910
Event: 41.274 Thread 0x000001cdabd32b50 flushing  nmethod 0x000001cd95afc310
Event: 41.274 Thread 0x000001cdabd32b50 flushing  nmethod 0x000001cd95b00c10
Event: 41.274 Thread 0x000001cdabd32b50 flushing  nmethod 0x000001cd95b06310
Event: 41.274 Thread 0x000001cdabd32b50 flushing  nmethod 0x000001cd95b0b890
Event: 41.274 Thread 0x000001cdabd32b50 flushing  nmethod 0x000001cd95b15190
Event: 41.274 Thread 0x000001cdabd32b50 flushing  nmethod 0x000001cd95b1b490
Event: 41.274 Thread 0x000001cdabd32b50 flushing  nmethod 0x000001cd95b49a90
Event: 41.274 Thread 0x000001cdabd32b50 flushing  nmethod 0x000001cd95b77190

Events (20 events):
Event: 38.783 Thread 0x000001cdacf1a730 Thread exited: 0x000001cdacf1a730
Event: 38.865 Thread 0x000001cda6abe980 Thread added: 0x000001cdacf1a730
Event: 38.873 Thread 0x000001cdabdf4c20 Thread added: 0x000001cdacc2d2d0
Event: 40.398 Thread 0x000001cdacc2e710 Thread exited: 0x000001cdacc2e710
Event: 40.952 Thread 0x000001cd9243d7b0 Thread added: 0x000001cdacc2cdc0
Event: 40.953 Thread 0x000001cd9243d7b0 Thread added: 0x000001cdacc2e710
Event: 40.953 Thread 0x000001cd9243d7b0 Thread added: 0x000001cdb0b3cef0
Event: 40.953 Thread 0x000001cd9243d7b0 Thread added: 0x000001cdb0b3c9e0
Event: 40.953 Thread 0x000001cd9243d7b0 Thread added: 0x000001cdb0b3e330
Event: 41.058 Thread 0x000001cd9243d7b0 Thread added: 0x000001cdb0b3e840
Event: 41.769 Thread 0x000001cdacf1a730 Thread exited: 0x000001cdacf1a730
Event: 42.002 Thread 0x000001cda6abe980 Thread added: 0x000001cdad7f4580
Event: 42.603 Thread 0x000001cdad7f4580 Thread exited: 0x000001cdad7f4580
Event: 42.925 Thread 0x000001cda6abe980 Thread added: 0x000001cdad7f4580
Event: 43.054 Thread 0x000001cd9243d7b0 Thread added: 0x000001cdb0b3d400
Event: 43.055 Thread 0x000001cd9243d7b0 Thread added: 0x000001cdb0b3ed50
Event: 43.387 Thread 0x000001cdacc2e200 Thread added: 0x000001cdb0b3fc80
Event: 43.418 Thread 0x000001cdb0b3fc80 Thread added: 0x000001cdb0b3f260
Event: 43.445 Thread 0x000001cdb0b3f260 Thread added: 0x000001cdb0b40190
Event: 44.588 Thread 0x000001cdad7f4580 Thread exited: 0x000001cdad7f4580


Dynamic libraries:
0x00007ff69c770000 - 0x00007ff69c77e000 	c:\Users\LENOVO\.vscode\extensions\redhat.java-1.36.0-win32-x64\jre\17.0.13-win32-x86_64\bin\java.exe
0x00007ffacaf80000 - 0x00007ffacb1e3000 	C:\WINDOWS\SYSTEM32\ntdll.dll
0x00007ffac9710000 - 0x00007ffac97d8000 	C:\WINDOWS\System32\KERNEL32.DLL
0x00007ffac8a30000 - 0x00007ffac8de1000 	C:\WINDOWS\System32\KERNELBASE.dll
0x00007ffac8370000 - 0x00007ffac84bb000 	C:\WINDOWS\System32\ucrtbase.dll
0x00007ffaba6a0000 - 0x00007ffaba6b7000 	c:\Users\LENOVO\.vscode\extensions\redhat.java-1.36.0-win32-x64\jre\17.0.13-win32-x86_64\bin\jli.dll
0x00007ffac94f0000 - 0x00007ffac96b8000 	C:\WINDOWS\System32\USER32.dll
0x00007ffac88d0000 - 0x00007ffac88f7000 	C:\WINDOWS\System32\win32u.dll
0x00007ffacae10000 - 0x00007ffacae3a000 	C:\WINDOWS\System32\GDI32.dll
0x00007ffac8900000 - 0x00007ffac8a25000 	C:\WINDOWS\System32\gdi32full.dll
0x00007ffac86c0000 - 0x00007ffac8763000 	C:\WINDOWS\System32\msvcp_win.dll
0x00007ffaba580000 - 0x00007ffaba59e000 	c:\Users\LENOVO\.vscode\extensions\redhat.java-1.36.0-win32-x64\jre\17.0.13-win32-x86_64\bin\VCRUNTIME140.dll
0x00007ffab5d60000 - 0x00007ffab5ff0000 	C:\WINDOWS\WinSxS\amd64_microsoft.windows.common-controls_6595b64144ccf1df_6.0.26100.2161_none_3e0cadb0e33078e1\COMCTL32.dll
0x00007ffac8fb0000 - 0x00007ffac9059000 	C:\WINDOWS\System32\msvcrt.dll
0x00007ffac96c0000 - 0x00007ffac96ef000 	C:\WINDOWS\System32\IMM32.DLL
0x00007ffabb8c0000 - 0x00007ffabb8cc000 	c:\Users\LENOVO\.vscode\extensions\redhat.java-1.36.0-win32-x64\jre\17.0.13-win32-x86_64\bin\vcruntime140_1.dll
0x00007ffa9e510000 - 0x00007ffa9e59d000 	c:\Users\LENOVO\.vscode\extensions\redhat.java-1.36.0-win32-x64\jre\17.0.13-win32-x86_64\bin\msvcp140.dll
0x00007ffa386e0000 - 0x00007ffa3934b000 	c:\Users\LENOVO\.vscode\extensions\redhat.java-1.36.0-win32-x64\jre\17.0.13-win32-x86_64\bin\server\jvm.dll
0x00007ffaca9c0000 - 0x00007ffacaa74000 	C:\WINDOWS\System32\ADVAPI32.dll
0x00007ffac8e20000 - 0x00007ffac8ec6000 	C:\WINDOWS\System32\sechost.dll
0x00007ffacacf0000 - 0x00007ffacae06000 	C:\WINDOWS\System32\RPCRT4.dll
0x00007ffacac70000 - 0x00007ffacace4000 	C:\WINDOWS\System32\WS2_32.dll
0x00007ffac8200000 - 0x00007ffac824e000 	C:\WINDOWS\SYSTEM32\POWRPROF.dll
0x00007ffabf220000 - 0x00007ffabf256000 	C:\WINDOWS\SYSTEM32\WINMM.dll
0x00007ffac1450000 - 0x00007ffac145b000 	C:\WINDOWS\SYSTEM32\VERSION.dll
0x00007ffac81e0000 - 0x00007ffac81f4000 	C:\WINDOWS\SYSTEM32\UMPDC.dll
0x00007ffac71c0000 - 0x00007ffac71da000 	C:\WINDOWS\SYSTEM32\kernel.appcore.dll
0x00007ffaba570000 - 0x00007ffaba57a000 	c:\Users\LENOVO\.vscode\extensions\redhat.java-1.36.0-win32-x64\jre\17.0.13-win32-x86_64\bin\jimage.dll
0x00007ffac5e60000 - 0x00007ffac60a1000 	C:\WINDOWS\SYSTEM32\DBGHELP.DLL
0x00007ffac9ce0000 - 0x00007ffaca05d000 	C:\WINDOWS\System32\combase.dll
0x00007ffaca870000 - 0x00007ffaca946000 	C:\WINDOWS\System32\OLEAUT32.dll
0x00007ffa98db0000 - 0x00007ffa98de9000 	C:\WINDOWS\SYSTEM32\dbgcore.DLL
0x00007ffac8830000 - 0x00007ffac88c9000 	C:\WINDOWS\System32\bcryptPrimitives.dll
0x00007ffab6100000 - 0x00007ffab610e000 	c:\Users\LENOVO\.vscode\extensions\redhat.java-1.36.0-win32-x64\jre\17.0.13-win32-x86_64\bin\instrument.dll
0x00007ffab3e40000 - 0x00007ffab3e65000 	c:\Users\LENOVO\.vscode\extensions\redhat.java-1.36.0-win32-x64\jre\17.0.13-win32-x86_64\bin\java.dll
0x00007ffab49e0000 - 0x00007ffab49f8000 	c:\Users\LENOVO\.vscode\extensions\redhat.java-1.36.0-win32-x64\jre\17.0.13-win32-x86_64\bin\zip.dll
0x00007ffaca070000 - 0x00007ffaca76f000 	C:\WINDOWS\System32\SHELL32.dll
0x00007ffac60e0000 - 0x00007ffac690d000 	C:\WINDOWS\SYSTEM32\windows.storage.dll
0x00007ffaca780000 - 0x00007ffaca853000 	C:\WINDOWS\System32\SHCORE.dll
0x00007ffaca950000 - 0x00007ffaca9ad000 	C:\WINDOWS\System32\shlwapi.dll
0x00007ffac8280000 - 0x00007ffac82ae000 	C:\WINDOWS\SYSTEM32\profapi.dll
0x00007ffab4780000 - 0x00007ffab4799000 	C:\Users\LENOVO\.vscode\extensions\redhat.java-1.36.0-win32-x64\jre\17.0.13-win32-x86_64\bin\net.dll
0x00007ffac1260000 - 0x00007ffac1386000 	C:\WINDOWS\SYSTEM32\WINHTTP.dll
0x00007ffac76c0000 - 0x00007ffac7728000 	C:\WINDOWS\system32\mswsock.dll
0x00007ffab4730000 - 0x00007ffab4746000 	C:\Users\LENOVO\.vscode\extensions\redhat.java-1.36.0-win32-x64\jre\17.0.13-win32-x86_64\bin\nio.dll
0x00007ffab60f0000 - 0x00007ffab6100000 	c:\Users\LENOVO\.vscode\extensions\redhat.java-1.36.0-win32-x64\jre\17.0.13-win32-x86_64\bin\verify.dll
0x00007ffa9e140000 - 0x00007ffa9e185000 	C:\Users\LENOVO\AppData\Roaming\Code\User\globalStorage\redhat.java\1.36.0\config_win\org.eclipse.equinox.launcher\org.eclipse.equinox.launcher.win32.win32.x86_64_1.2.1100.v20240722-2106\eclipse_11904.dll
0x00007ffac97e0000 - 0x00007ffac9979000 	C:\WINDOWS\System32\ole32.dll
0x00007ffac7960000 - 0x00007ffac797c000 	C:\WINDOWS\SYSTEM32\CRYPTSP.dll
0x00007ffac7120000 - 0x00007ffac7158000 	C:\WINDOWS\system32\rsaenh.dll
0x00007ffac7760000 - 0x00007ffac778b000 	C:\WINDOWS\SYSTEM32\USERENV.dll
0x00007ffac7ba0000 - 0x00007ffac7bc6000 	C:\WINDOWS\SYSTEM32\bcrypt.dll
0x00007ffac7980000 - 0x00007ffac798c000 	C:\WINDOWS\SYSTEM32\CRYPTBASE.dll
0x00007ffac6c70000 - 0x00007ffac6ca1000 	C:\WINDOWS\SYSTEM32\IPHLPAPI.DLL
0x00007ffaca060000 - 0x00007ffaca06a000 	C:\WINDOWS\System32\NSI.dll
0x00007ffac1460000 - 0x00007ffac147e000 	C:\WINDOWS\SYSTEM32\dhcpcsvc6.DLL
0x00007ffac1210000 - 0x00007ffac1235000 	C:\WINDOWS\SYSTEM32\dhcpcsvc.DLL
0x00007ffac6cb0000 - 0x00007ffac6dd5000 	C:\WINDOWS\SYSTEM32\DNSAPI.dll
0x00007ffa9db20000 - 0x00007ffa9db69000 	C:\Users\LENOVO\AppData\Local\Temp\jna--2053026509\jna2912631472031983300.dll
0x00007ffac9700000 - 0x00007ffac9708000 	C:\WINDOWS\System32\PSAPI.DLL

dbghelp: loaded successfully - version: 4.0.5 - missing functions: none
symbol engine: initialized successfully - sym options: 0x614 - pdb path: .;c:\Users\LENOVO\.vscode\extensions\redhat.java-1.36.0-win32-x64\jre\17.0.13-win32-x86_64\bin;C:\WINDOWS\SYSTEM32;C:\WINDOWS\WinSxS\amd64_microsoft.windows.common-controls_6595b64144ccf1df_6.0.26100.2161_none_3e0cadb0e33078e1;c:\Users\LENOVO\.vscode\extensions\redhat.java-1.36.0-win32-x64\jre\17.0.13-win32-x86_64\bin\server;C:\Users\LENOVO\AppData\Roaming\Code\User\globalStorage\redhat.java\1.36.0\config_win\org.eclipse.equinox.launcher\org.eclipse.equinox.launcher.win32.win32.x86_64_1.2.1100.v20240722-2106;C:\Users\LENOVO\AppData\Local\Temp\jna--2053026509

VM Arguments:
jvm_args: --add-modules=ALL-SYSTEM --add-opens=java.base/java.util=ALL-UNNAMED --add-opens=java.base/java.lang=ALL-UNNAMED --add-opens=java.base/sun.nio.fs=ALL-UNNAMED -Declipse.application=org.eclipse.jdt.ls.core.id1 -Dosgi.bundles.defaultStartLevel=4 -Declipse.product=org.eclipse.jdt.ls.core.product -Djava.import.generatesMetadataFilesAtProjectRoot=false -DDetectVMInstallationsJob.disabled=true -Dfile.encoding=utf8 -XX:+UseParallelGC -XX:GCTimeRatio=4 -XX:AdaptiveSizePolicyWeight=90 -Dsun.zip.disableMemoryMapping=true -Xmx1G -Xms100m -Xlog:disable -javaagent:c:\Users\LENOVO\.vscode\extensions\redhat.java-1.36.0-win32-x64\lombok\lombok-1.18.35.jar -XX:+HeapDumpOnOutOfMemoryError -XX:HeapDumpPath=c:\Users\LENOVO\AppData\Roaming\Code\User\workspaceStorage\a77f64c3f9ce9ce846e86a54ff4ee9e5\redhat.java -Daether.dependencyCollector.impl=bf 
java_command: c:\Users\LENOVO\.vscode\extensions\redhat.java-1.36.0-win32-x64\server\plugins\org.eclipse.equinox.launcher_1.6.900.v20240613-2009.jar -configuration c:\Users\LENOVO\AppData\Roaming\Code\User\globalStorage\redhat.java\1.36.0\config_win -data c:\Users\LENOVO\AppData\Roaming\Code\User\workspaceStorage\a77f64c3f9ce9ce846e86a54ff4ee9e5\redhat.java\jdt_ws --pipe=\\.\pipe\lsp-cf9e4418f3ecde074d1786c93146ee9f-sock
java_class_path (initial): c:\Users\LENOVO\.vscode\extensions\redhat.java-1.36.0-win32-x64\server\plugins\org.eclipse.equinox.launcher_1.6.900.v20240613-2009.jar
Launcher Type: SUN_STANDARD

[Global flags]
    uintx AdaptiveSizePolicyWeight                 = 90                                        {product} {command line}
     intx CICompilerCount                          = 3                                         {product} {ergonomic}
    uintx GCTimeRatio                              = 4                                         {product} {command line}
     bool HeapDumpOnOutOfMemoryError               = true                                   {manageable} {command line}
    ccstr HeapDumpPath                             = c:\Users\LENOVO\AppData\Roaming\Code\User\workspaceStorage\a77f64c3f9ce9ce846e86a54ff4ee9e5\redhat.java         {manageable} {command line}
   size_t InitialHeapSize                          = 104857600                                 {product} {command line}
   size_t MaxHeapSize                              = 1073741824                                {product} {command line}
   size_t MaxNewSize                               = 357564416                                 {product} {ergonomic}
   size_t MinHeapDeltaBytes                        = 524288                                    {product} {ergonomic}
   size_t MinHeapSize                              = 104857600                                 {product} {command line}
   size_t NewSize                                  = 34603008                                  {product} {ergonomic}
    uintx NonNMethodCodeHeapSize                   = 5832780                                {pd product} {ergonomic}
    uintx NonProfiledCodeHeapSize                  = 122912730                              {pd product} {ergonomic}
   size_t OldSize                                  = 70254592                                  {product} {ergonomic}
    uintx ProfiledCodeHeapSize                     = 122912730                              {pd product} {ergonomic}
    uintx ReservedCodeCacheSize                    = 251658240                              {pd product} {ergonomic}
     bool SegmentedCodeCache                       = true                                      {product} {ergonomic}
   size_t SoftMaxHeapSize                          = 1073741824                             {manageable} {ergonomic}
     bool UseCompressedClassPointers               = true                           {product lp64_product} {ergonomic}
     bool UseCompressedOops                        = true                           {product lp64_product} {ergonomic}
     bool UseLargePagesIndividualAllocation        = false                                  {pd product} {ergonomic}
     bool UseParallelGC                            = true                                      {product} {command line}

Logging:
Log output configuration:
 #0: stdout all=off uptime,level,tags
 #1: stderr all=off uptime,level,tags

Environment Variables:
PATH=C:\Program Files\Python312\Scripts\;C:\Program Files\Python312\;C:\Program Files (x86)\NVIDIA Corporation\PhysX\Common;C:\Program Files\Common Files\Oracle\Java\javapath;C:\WINDOWS\system32;C:\WINDOWS;C:\WINDOWS\System32\Wbem;C:\WINDOWS\System32\WindowsPowerShell\v1.0\;C:\WINDOWS\System32\OpenSSH\;C:\MinGW\bin;C:\Program Files\Microsoft SQL Server\Client SDK\ODBC\170\Tools\Binn\;C:\Program Files (x86)\Microsoft SQL Server\150\Tools\Binn\;C:\Program Files\Microsoft SQL Server\150\Tools\Binn\;C:\Program Files\Microsoft SQL Server\150\DTS\Binn\;C:\Program Files (x86)\Windows Kits\8.1\Windows Performance Toolkit\;C:\Program Files\Git\cmd;C:\Program Files\dotnet\;C:\Program Files (x86)\dotnet\;C:\Program Files\nodejs\;C:\Program Files\apache-maven-3.9.6\bin;;C:\Program Files\Docker\Docker\resources\bin;C:\Users\LENOVO\AppData\Local\Programs\Python\Launcher\;C:\Users\LENOVO\AppData\Local\Microsoft\WindowsApps;C:\Users\LENOVO\AppData\Local\Programs\Microsoft VS Code\bin;C:\Users\LENOVO\AppData\Roaming\npm;c:\users\lenovo\appdata\roaming\python\python312\site-packages\uvicorn;C:\Users\LENOVO\AppData\Local\GitHubDesktop\bin;
USERNAME=LENOVO
OS=Windows_NT
PROCESSOR_IDENTIFIER=AMD64 Family 23 Model 24 Stepping 1, AuthenticAMD
TMP=C:\Users\LENOVO\AppData\Local\Temp
TEMP=C:\Users\LENOVO\AppData\Local\Temp



Periodic native trim disabled


---------------  S Y S T E M  ---------------

OS:
 Windows 11 , 64 bit Build 26100 (10.0.26100.2161)
OS uptime: 0 days 3:09 hours
Hyper-V role detected

CPU: total 4 (initial active 4) (4 cores per cpu, 2 threads per core) family 23 model 24 stepping 1 microcode 0x8108102, cx8, cmov, fxsr, ht, mmx, 3dnowpref, sse, sse2, sse3, ssse3, sse4a, sse4.1, sse4.2, popcnt, lzcnt, tsc, tscinvbit, avx, avx2, aes, clmul, bmi1, bmi2, adx, sha, fma, vzeroupper, clflush, clflushopt, hv
Processor Information for all 4 processors :
  Max Mhz: 2600, Current Mhz: 2600, Mhz Limit: 2600

Memory: 4k page, system-wide physical 6020M (502M free)
TotalPageFile size 14212M (AvailPageFile size 0M)
current process WorkingSet (physical memory assigned to process): 200M, peak: 211M
current process commit charge ("private bytes"): 278M, peak: 297M

vm_info: OpenJDK 64-Bit Server VM (17.0.13+11) for windows-amd64 JRE (17.0.13+11), built on Oct 16 2024 00:10:08 by "admin" with MS VC++ 17.7 (VS2022)

END.
