#
# There is insufficient memory for the Java Runtime Environment to continue.
# Native memory allocation (malloc) failed to allocate 351312 bytes. Error detail: Chunk::new
# Possible reasons:
#   The system is out of physical RAM or swap space
#   This process is running with CompressedOops enabled, and the Java Heap may be blocking the growth of the native heap
# Possible solutions:
#   Reduce memory load on the system
#   Increase physical memory or swap space
#   Check if swap backing store is full
#   Decrease Java heap size (-Xmx/-Xms)
#   Decrease number of Java threads
#   Decrease Java thread stack sizes (-Xss)
#   Set larger code cache with -XX:ReservedCodeCacheSize=
#   JVM is running with Unscaled Compressed Oops mode in which the Java heap is
#     placed in the first 4GB address space. The Java Heap base address is the
#     maximum limit for the native heap growth. Please use -XX:HeapBaseMinAddress
#     to set the Java Heap base and to place the Java Heap above 4GB virtual address.
# This output file may be truncated or incomplete.
#
#  Out of Memory Error (arena.cpp:191), pid=11640, tid=16004
#
# JRE version: OpenJDK Runtime Environment Temurin-17.0.13+11 (17.0.13+11) (build 17.0.13+11)
# Java VM: OpenJDK 64-Bit Server VM Temurin-17.0.13+11 (17.0.13+11, mixed mode, tiered, compressed oops, compressed class ptrs, parallel gc, windows-amd64)
# No core dump will be written. Minidumps are not enabled by default on client versions of Windows
#

---------------  S U M M A R Y ------------

Command Line: --add-modules=ALL-SYSTEM --add-opens=java.base/java.util=ALL-UNNAMED --add-opens=java.base/java.lang=ALL-UNNAMED --add-opens=java.base/sun.nio.fs=ALL-UNNAMED -Declipse.application=org.eclipse.jdt.ls.core.id1 -Dosgi.bundles.defaultStartLevel=4 -Declipse.product=org.eclipse.jdt.ls.core.product -Djava.import.generatesMetadataFilesAtProjectRoot=false -DDetectVMInstallationsJob.disabled=true -Dfile.encoding=utf8 -XX:+UseParallelGC -XX:GCTimeRatio=4 -XX:AdaptiveSizePolicyWeight=90 -Dsun.zip.disableMemoryMapping=true -Xmx1G -Xms100m -Xlog:disable -javaagent:c:\Users\LENOVO\.vscode\extensions\redhat.java-1.36.0-win32-x64\lombok\lombok-1.18.35.jar -XX:+HeapDumpOnOutOfMemoryError -XX:HeapDumpPath=c:\Users\LENOVO\AppData\Roaming\Code\User\workspaceStorage\a77f64c3f9ce9ce846e86a54ff4ee9e5\redhat.java -Daether.dependencyCollector.impl=bf c:\Users\LENOVO\.vscode\extensions\redhat.java-1.36.0-win32-x64\server\plugins\org.eclipse.equinox.launcher_1.6.900.v20240613-2009.jar -configuration c:\Users\LENOVO\AppData\Roaming\Code\User\globalStorage\redhat.java\1.36.0\config_win -data c:\Users\LENOVO\AppData\Roaming\Code\User\workspaceStorage\a77f64c3f9ce9ce846e86a54ff4ee9e5\redhat.java\jdt_ws --pipe=\\.\pipe\lsp-6bce2f1647dc62243b6ec3a78b7ccd77-sock

Host: AMD Ryzen 3 3200U with Radeon Vega Mobile Gfx  , 4 cores, 5G,  Windows 11 , 64 bit Build 26100 (10.0.26100.2161)
Time: Tue Nov 19 17:52:20 2024 Hora est. Pacífico, Sudamérica elapsed time: 5.905173 seconds (0d 0h 0m 5s)

---------------  T H R E A D  ---------------

Current thread (0x0000023e5cc54bb0):  JavaThread "C2 CompilerThread0" daemon [_thread_in_native, id=16004, stack(0x000000aceae00000,0x000000aceaf00000)]


Current CompileTask:
C2:   5905  520       4       lombok.patcher.scripts.MethodLevelPatchScript::patch (21 bytes)

Stack: [0x000000aceae00000,0x000000aceaf00000]
Native frames: (J=compiled Java code, j=interpreted, Vv=VM code, C=native code)
V  [jvm.dll+0x682a19]
V  [jvm.dll+0x839538]
V  [jvm.dll+0x83afe3]
V  [jvm.dll+0x83b653]
V  [jvm.dll+0x24704f]
V  [jvm.dll+0xace34]
V  [jvm.dll+0xad4cc]
V  [jvm.dll+0x36597e]
V  [jvm.dll+0x32fbd8]
V  [jvm.dll+0x32f05a]
V  [jvm.dll+0x21804f]
V  [jvm.dll+0x21748f]
V  [jvm.dll+0x1a3070]
V  [jvm.dll+0x22788c]
V  [jvm.dll+0x2259eb]
V  [jvm.dll+0x7eec98]
V  [jvm.dll+0x7e8ffc]
V  [jvm.dll+0x6818f7]
C  [ucrtbase.dll+0x14ea0]
C  [KERNEL32.DLL+0x2dbe7]
C  [ntdll.dll+0xdfbec]


---------------  P R O C E S S  ---------------

Threads class SMR info:
_java_thread_list=0x0000023e6211f320, length=12, elements={
0x0000023e46ddd7b0, 0x0000023e46e8dee0, 0x0000023e5cc22010, 0x0000023e5cc4e320,
0x0000023e5cc4ebf0, 0x0000023e5cc515d0, 0x0000023e5cc53fb0, 0x0000023e5cc54bb0,
0x0000023e61e3f090, 0x0000023e61e448e0, 0x0000023e61ebdc40, 0x0000023e621edeb0
}

Java Threads: ( => current thread )
  0x0000023e46ddd7b0 JavaThread "main" [_thread_in_vm, id=7512, stack(0x000000acea500000,0x000000acea600000)]
  0x0000023e46e8dee0 JavaThread "Reference Handler" daemon [_thread_blocked, id=9488, stack(0x000000acea800000,0x000000acea900000)]
  0x0000023e5cc22010 JavaThread "Finalizer" daemon [_thread_blocked, id=13872, stack(0x000000acea900000,0x000000aceaa00000)]
  0x0000023e5cc4e320 JavaThread "Signal Dispatcher" daemon [_thread_blocked, id=13752, stack(0x000000aceaa00000,0x000000aceab00000)]
  0x0000023e5cc4ebf0 JavaThread "Attach Listener" daemon [_thread_blocked, id=10724, stack(0x000000aceab00000,0x000000aceac00000)]
  0x0000023e5cc515d0 JavaThread "Service Thread" daemon [_thread_blocked, id=2304, stack(0x000000aceac00000,0x000000acead00000)]
  0x0000023e5cc53fb0 JavaThread "Monitor Deflation Thread" daemon [_thread_blocked, id=12476, stack(0x000000acead00000,0x000000aceae00000)]
=>0x0000023e5cc54bb0 JavaThread "C2 CompilerThread0" daemon [_thread_in_native, id=16004, stack(0x000000aceae00000,0x000000aceaf00000)]
  0x0000023e61e3f090 JavaThread "C1 CompilerThread0" daemon [_thread_blocked, id=3284, stack(0x000000aceaf00000,0x000000aceb000000)]
  0x0000023e61e448e0 JavaThread "Sweeper thread" daemon [_thread_blocked, id=11748, stack(0x000000aceb000000,0x000000aceb100000)]
  0x0000023e61ebdc40 JavaThread "Common-Cleaner" daemon [_thread_blocked, id=5900, stack(0x000000aceb100000,0x000000aceb200000)]
  0x0000023e621edeb0 JavaThread "Notification Thread" daemon [_thread_blocked, id=7080, stack(0x000000aceb200000,0x000000aceb300000)]

Other Threads:
  0x0000023e5cc0e8e0 VMThread "VM Thread" [stack: 0x000000acea700000,0x000000acea800000] [id=1956]
  0x0000023e621ee390 WatcherThread [stack: 0x000000aceb300000,0x000000aceb400000] [id=11728]
  0x0000023e46df1280 GCTaskThread "GC Thread#0" [stack: 0x000000acea600000,0x000000acea700000] [id=3080]

Threads with active compile tasks:
C2 CompilerThread0     5954  520       4       lombok.patcher.scripts.MethodLevelPatchScript::patch (21 bytes)

VM state: not at safepoint (normal execution)

VM Mutex/Monitor currently owned by a thread: None

Heap address: 0x00000000c0000000, size: 1024 MB, Compressed Oops mode: 32-bit

CDS archive(s) not mapped
Compressed class space mapped at: 0x0000000100000000-0x0000000140000000, reserved size: 1073741824
Narrow klass base: 0x0000000000000000, Narrow klass shift: 3, Narrow klass range: 0x140000000

GC Precious Log:
 CPUs: 4 total, 4 available
 Memory: 6020M
 Large Page Support: Disabled
 NUMA Support: Disabled
 Compressed Oops: Enabled (32-bit)
 Alignments: Space 512K, Generation 512K, Heap 2M
 Heap Min Capacity: 100M
 Heap Initial Capacity: 100M
 Heap Max Capacity: 1G
 Pre-touch: Disabled
 Parallel Workers: 4

Heap:
 PSYoungGen      total 29696K, used 10946K [0x00000000eab00000, 0x00000000ecc00000, 0x0000000100000000)
  eden space 25600K, 42% used [0x00000000eab00000,0x00000000eb5b0998,0x00000000ec400000)
  from space 4096K, 0% used [0x00000000ec800000,0x00000000ec800000,0x00000000ecc00000)
  to   space 4096K, 0% used [0x00000000ec400000,0x00000000ec400000,0x00000000ec800000)
 ParOldGen       total 68608K, used 0K [0x00000000c0000000, 0x00000000c4300000, 0x00000000eab00000)
  object space 68608K, 0% used [0x00000000c0000000,0x00000000c0000000,0x00000000c4300000)
 Metaspace       used 7768K, committed 7936K, reserved 1114112K
  class space    used 763K, committed 832K, reserved 1048576K

Card table byte_map: [0x0000023e5a500000,0x0000023e5a710000] _byte_map_base: 0x0000023e59f00000

Marking Bits: (ParMarkBitMap*) 0x00007ffa39286940
 Begin Bits: [0x0000023e5a870000, 0x0000023e5b870000)
 End Bits:   [0x0000023e5b870000, 0x0000023e5c870000)

Polling page: 0x0000023e46e90000

Metaspace:

Usage:
  Non-class:      6.84 MB used.
      Class:    763.04 KB used.
       Both:      7.59 MB used.

Virtual space:
  Non-class space:       64.00 MB reserved,       6.94 MB ( 11%) committed,  1 nodes.
      Class space:        1.00 GB reserved,     832.00 KB ( <1%) committed,  1 nodes.
             Both:        1.06 GB reserved,       7.75 MB ( <1%) committed. 

Chunk freelists:
   Non-Class:  8.98 MB
       Class:  15.21 MB
        Both:  24.20 MB

MaxMetaspaceSize: unlimited
CompressedClassSpaceSize: 1.00 GB
Initial GC threshold: 21.00 MB
Current GC threshold: 21.00 MB
CDS: off
MetaspaceReclaimPolicy: balanced
 - commit_granule_bytes: 65536.
 - commit_granule_words: 8192.
 - virtual_space_node_default_size: 8388608.
 - enlarge_chunks_in_place: 1.
 - new_chunks_are_fully_committed: 0.
 - uncommit_free_chunks: 1.
 - use_allocation_guard: 0.
 - handle_deallocations: 1.


Internal statistics:

num_allocs_failed_limit: 0.
num_arena_births: 10.
num_arena_deaths: 0.
num_vsnodes_births: 2.
num_vsnodes_deaths: 0.
num_space_committed: 124.
num_space_uncommitted: 0.
num_chunks_returned_to_freelist: 0.
num_chunks_taken_from_freelist: 41.
num_chunk_merges: 0.
num_chunk_splits: 24.
num_chunks_enlarged: 21.
num_inconsistent_stats: 0.

CodeHeap 'non-profiled nmethods': size=120000Kb used=195Kb max_used=195Kb free=119804Kb
 bounds [0x0000023e52ee0000, 0x0000023e53150000, 0x0000023e5a410000]
CodeHeap 'profiled nmethods': size=120000Kb used=719Kb max_used=719Kb free=119280Kb
 bounds [0x0000023e4b410000, 0x0000023e4b680000, 0x0000023e52940000]
CodeHeap 'non-nmethods': size=5760Kb used=1120Kb max_used=1134Kb free=4639Kb
 bounds [0x0000023e52940000, 0x0000023e52bb0000, 0x0000023e52ee0000]
 total_blobs=928 nmethods=522 adapters=321
 compilation: enabled
              stopped_count=0, restarted_count=0
 full_count=0

Compilation events (20 events):
Event: 5.810 Thread 0x0000023e61e3f090  514       3       sun.security.util.DerValue::data (29 bytes)
Event: 5.810 Thread 0x0000023e61e3f090 nmethod 514 0x0000023e4b4bb190 code [0x0000023e4b4bb340, 0x0000023e4b4bb508]
Event: 5.811 Thread 0x0000023e61e3f090  515       3       sun.security.util.DerValue::<init> (445 bytes)
Event: 5.814 Thread 0x0000023e61e3f090 nmethod 515 0x0000023e4b4bb610 code [0x0000023e4b4bba20, 0x0000023e4b4bd378]
Event: 5.814 Thread 0x0000023e61e3f090  516       3       sun.security.util.DerInputStream::getDerValue (76 bytes)
Event: 5.814 Thread 0x0000023e61e3f090 nmethod 516 0x0000023e4b4bdd10 code [0x0000023e4b4bdec0, 0x0000023e4b4be108]
Event: 5.819 Thread 0x0000023e5cc54bb0 nmethod 511 0x0000023e52f0f790 code [0x0000023e52f0f940, 0x0000023e52f0fe98]
Event: 5.819 Thread 0x0000023e5cc54bb0  517       4       java.lang.Math::min (11 bytes)
Event: 5.820 Thread 0x0000023e5cc54bb0 nmethod 517 0x0000023e52f10610 code [0x0000023e52f10780, 0x0000023e52f107d8]
Event: 5.820 Thread 0x0000023e5cc54bb0  512       4       java.util.HashMap::keySet (25 bytes)
Event: 5.822 Thread 0x0000023e5cc54bb0 nmethod 512 0x0000023e52f10910 code [0x0000023e52f10aa0, 0x0000023e52f10bb8]
Event: 5.822 Thread 0x0000023e5cc54bb0  520       4       lombok.patcher.scripts.MethodLevelPatchScript::patch (21 bytes)
Event: 5.825 Thread 0x0000023e61e3f090  522   !   3       sun.instrument.TransformerManager::transform (100 bytes)
Event: 5.826 Thread 0x0000023e61e3f090 nmethod 522 0x0000023e4b4be210 code [0x0000023e4b4be3e0, 0x0000023e4b4be868]
Event: 5.826 Thread 0x0000023e61e3f090  521       3       sun.instrument.InstrumentationImpl::transform (73 bytes)
Event: 5.827 Thread 0x0000023e61e3f090 nmethod 521 0x0000023e4b4beb10 code [0x0000023e4b4bece0, 0x0000023e4b4bf068]
Event: 5.827 Thread 0x0000023e61e3f090  523       3       lombok.eclipse.agent.EclipsePatcher$1::shouldTransform (107 bytes)
Event: 5.828 Thread 0x0000023e61e3f090 nmethod 523 0x0000023e4b4bf210 code [0x0000023e4b4bf500, 0x0000023e4b4c0388]
Event: 5.832 Thread 0x0000023e61e3f090  524   !   3       java.lang.String::replace (258 bytes)
Event: 5.836 Thread 0x0000023e61e3f090 nmethod 524 0x0000023e4b4c0810 code [0x0000023e4b4c0ce0, 0x0000023e4b4c2f88]

GC Heap History (0 events):
No events

Dll operation events (8 events):
Event: 0.058 Loaded shared library c:\Users\LENOVO\.vscode\extensions\redhat.java-1.36.0-win32-x64\jre\17.0.13-win32-x86_64\bin\java.dll
Event: 1.405 Loaded shared library c:\Users\LENOVO\.vscode\extensions\redhat.java-1.36.0-win32-x64\jre\17.0.13-win32-x86_64\bin\zip.dll
Event: 1.413 Loaded shared library C:\Users\LENOVO\.vscode\extensions\redhat.java-1.36.0-win32-x64\jre\17.0.13-win32-x86_64\bin\instrument.dll
Event: 1.490 Loaded shared library C:\Users\LENOVO\.vscode\extensions\redhat.java-1.36.0-win32-x64\jre\17.0.13-win32-x86_64\bin\net.dll
Event: 1.495 Loaded shared library C:\Users\LENOVO\.vscode\extensions\redhat.java-1.36.0-win32-x64\jre\17.0.13-win32-x86_64\bin\nio.dll
Event: 1.560 Loaded shared library C:\Users\LENOVO\.vscode\extensions\redhat.java-1.36.0-win32-x64\jre\17.0.13-win32-x86_64\bin\zip.dll
Event: 1.922 Loaded shared library C:\Users\LENOVO\.vscode\extensions\redhat.java-1.36.0-win32-x64\jre\17.0.13-win32-x86_64\bin\jimage.dll
Event: 3.334 Loaded shared library c:\Users\LENOVO\.vscode\extensions\redhat.java-1.36.0-win32-x64\jre\17.0.13-win32-x86_64\bin\verify.dll

Deoptimization events (20 events):
Event: 5.774 Thread 0x0000023e46ddd7b0 Uncommon trap: trap_request=0xffffffde fr.pc=0x0000023e52f0dd24 relative=0x0000000000000104
Event: 5.774 Thread 0x0000023e46ddd7b0 Uncommon trap: reason=class_check action=maybe_recompile pc=0x0000023e52f0dd24 method=jdk.internal.misc.Unsafe.allocateUninitializedArray(Ljava/lang/Class;I)Ljava/lang/Object; @ 51 c2
Event: 5.774 Thread 0x0000023e46ddd7b0 DEOPT PACKING pc=0x0000023e52f0dd24 sp=0x000000acea5fbd20
Event: 5.774 Thread 0x0000023e46ddd7b0 DEOPT UNPACKING pc=0x0000023e529966a3 sp=0x000000acea5fbca8 mode 2
Event: 5.774 Thread 0x0000023e46ddd7b0 Uncommon trap: trap_request=0xffffffde fr.pc=0x0000023e52f0dd24 relative=0x0000000000000104
Event: 5.774 Thread 0x0000023e46ddd7b0 Uncommon trap: reason=class_check action=maybe_recompile pc=0x0000023e52f0dd24 method=jdk.internal.misc.Unsafe.allocateUninitializedArray(Ljava/lang/Class;I)Ljava/lang/Object; @ 51 c2
Event: 5.774 Thread 0x0000023e46ddd7b0 DEOPT PACKING pc=0x0000023e52f0dd24 sp=0x000000acea5fbd20
Event: 5.774 Thread 0x0000023e46ddd7b0 DEOPT UNPACKING pc=0x0000023e529966a3 sp=0x000000acea5fbca8 mode 2
Event: 5.774 Thread 0x0000023e46ddd7b0 Uncommon trap: trap_request=0xffffffde fr.pc=0x0000023e52f0dd24 relative=0x0000000000000104
Event: 5.774 Thread 0x0000023e46ddd7b0 Uncommon trap: reason=class_check action=maybe_recompile pc=0x0000023e52f0dd24 method=jdk.internal.misc.Unsafe.allocateUninitializedArray(Ljava/lang/Class;I)Ljava/lang/Object; @ 51 c2
Event: 5.774 Thread 0x0000023e46ddd7b0 DEOPT PACKING pc=0x0000023e52f0dd24 sp=0x000000acea5fbd60
Event: 5.774 Thread 0x0000023e46ddd7b0 DEOPT UNPACKING pc=0x0000023e529966a3 sp=0x000000acea5fbce8 mode 2
Event: 5.801 Thread 0x0000023e46ddd7b0 Uncommon trap: trap_request=0xffffff45 fr.pc=0x0000023e52ef74c0 relative=0x00000000000000c0
Event: 5.801 Thread 0x0000023e46ddd7b0 Uncommon trap: reason=unstable_if action=reinterpret pc=0x0000023e52ef74c0 method=java.net.URI.match(CJJ)Z @ 45 c2
Event: 5.801 Thread 0x0000023e46ddd7b0 DEOPT PACKING pc=0x0000023e52ef74c0 sp=0x000000acea5fcdc0
Event: 5.801 Thread 0x0000023e46ddd7b0 DEOPT UNPACKING pc=0x0000023e529966a3 sp=0x000000acea5fcd48 mode 2
Event: 5.829 Thread 0x0000023e46ddd7b0 Uncommon trap: trap_request=0xffffff45 fr.pc=0x0000023e52f0d1b4 relative=0x00000000000005b4
Event: 5.829 Thread 0x0000023e46ddd7b0 Uncommon trap: reason=unstable_if action=reinterpret pc=0x0000023e52f0d1b4 method=java.lang.String.replace(Ljava/lang/CharSequence;Ljava/lang/CharSequence;)Ljava/lang/String; @ 48 c2
Event: 5.829 Thread 0x0000023e46ddd7b0 DEOPT PACKING pc=0x0000023e52f0d1b4 sp=0x000000acea5fcd70
Event: 5.829 Thread 0x0000023e46ddd7b0 DEOPT UNPACKING pc=0x0000023e529966a3 sp=0x000000acea5fcce0 mode 2

Classes loaded (20 events):
Event: 5.826 Loading class java/util/TreeMap$KeyIterator
Event: 5.826 Loading class java/util/TreeMap$PrivateEntryIterator
Event: 5.828 Loading class java/util/TreeMap$PrivateEntryIterator done
Event: 5.828 Loading class java/util/TreeMap$KeyIterator done
Event: 5.829 Loading class sun/security/util/DisabledAlgorithmConstraints$Constraints
Event: 5.829 Loading class sun/security/util/DisabledAlgorithmConstraints$Constraints done
Event: 5.829 Loading class sun/security/util/CurveDB
Event: 5.831 Loading class sun/security/util/CurveDB done
Event: 5.832 Loading class java/security/spec/ECFieldFp
Event: 5.832 Loading class java/security/spec/ECField
Event: 5.832 Loading class java/security/spec/ECField done
Event: 5.832 Loading class java/security/spec/ECFieldFp done
Event: 5.833 Loading class java/security/spec/EllipticCurve
Event: 5.834 Loading class java/security/spec/EllipticCurve done
Event: 5.836 Loading class java/security/spec/ECPoint
Event: 5.836 Loading class java/security/spec/ECPoint done
Event: 5.837 Loading class sun/security/util/NamedCurve
Event: 5.888 Loading class java/security/spec/ECParameterSpec
Event: 5.888 Loading class java/security/spec/ECParameterSpec done
Event: 5.888 Loading class sun/security/util/NamedCurve done

Classes unloaded (0 events):
No events

Classes redefined (0 events):
No events

Internal exceptions (2 events):
Event: 0.941 Thread 0x0000023e46ddd7b0 Exception <a 'java/lang/NoSuchMethodError'{0x00000000eacb5080}: 'void java.lang.invoke.DirectMethodHandle$Holder.invokeStatic(java.lang.Object, java.lang.Object, java.lang.Object)'> (0x00000000eacb5080) 
thrown [s\src\hotspot\share\interpreter\linkResolver.cpp, line 759]
Event: 3.964 Thread 0x0000023e46ddd7b0 Exception <a 'java/lang/reflect/InvocationTargetException'{0x00000000eafd8748}> (0x00000000eafd8748) 
thrown [s\src\hotspot\share\runtime\reflection.cpp, line 1128]

VM Operations (10 events):
Event: 1.016 Executing VM operation: HandshakeAllThreads
Event: 1.016 Executing VM operation: HandshakeAllThreads done
Event: 2.017 Executing VM operation: Cleanup
Event: 2.047 Executing VM operation: Cleanup done
Event: 2.092 Executing VM operation: HandshakeAllThreads
Event: 2.092 Executing VM operation: HandshakeAllThreads done
Event: 3.099 Executing VM operation: Cleanup
Event: 3.099 Executing VM operation: Cleanup done
Event: 5.117 Executing VM operation: Cleanup
Event: 5.171 Executing VM operation: Cleanup done

Memory protections (0 events):
No events

Nmethod flushes (0 events):
No events

Events (12 events):
Event: 0.251 Thread 0x0000023e46ddd7b0 Thread added: 0x0000023e46ddd7b0
Event: 0.317 Thread 0x0000023e46ddd7b0 Thread added: 0x0000023e46e8dee0
Event: 0.318 Thread 0x0000023e46ddd7b0 Thread added: 0x0000023e5cc22010
Event: 0.368 Thread 0x0000023e46ddd7b0 Thread added: 0x0000023e5cc4e320
Event: 0.368 Thread 0x0000023e46ddd7b0 Thread added: 0x0000023e5cc4ebf0
Event: 0.368 Thread 0x0000023e46ddd7b0 Thread added: 0x0000023e5cc515d0
Event: 0.368 Thread 0x0000023e46ddd7b0 Thread added: 0x0000023e5cc53fb0
Event: 0.369 Thread 0x0000023e46ddd7b0 Thread added: 0x0000023e5cc54bb0
Event: 0.398 Thread 0x0000023e46ddd7b0 Thread added: 0x0000023e61e3f090
Event: 0.413 Thread 0x0000023e46ddd7b0 Thread added: 0x0000023e61e448e0
Event: 0.760 Thread 0x0000023e46ddd7b0 Thread added: 0x0000023e61ebdc40
Event: 5.068 Thread 0x0000023e46ddd7b0 Thread added: 0x0000023e621edeb0


Dynamic libraries:
0x00007ff631990000 - 0x00007ff63199e000 	c:\Users\LENOVO\.vscode\extensions\redhat.java-1.36.0-win32-x64\jre\17.0.13-win32-x86_64\bin\java.exe
0x00007ffacaf80000 - 0x00007ffacb1e3000 	C:\WINDOWS\SYSTEM32\ntdll.dll
0x00007ffac9710000 - 0x00007ffac97d8000 	C:\WINDOWS\System32\KERNEL32.DLL
0x00007ffac8a30000 - 0x00007ffac8de1000 	C:\WINDOWS\System32\KERNELBASE.dll
0x00007ffac8370000 - 0x00007ffac84bb000 	C:\WINDOWS\System32\ucrtbase.dll
0x00007ffaba6a0000 - 0x00007ffaba6b7000 	c:\Users\LENOVO\.vscode\extensions\redhat.java-1.36.0-win32-x64\jre\17.0.13-win32-x86_64\bin\jli.dll
0x00007ffac94f0000 - 0x00007ffac96b8000 	C:\WINDOWS\System32\USER32.dll
0x00007ffac88d0000 - 0x00007ffac88f7000 	C:\WINDOWS\System32\win32u.dll
0x00007ffacae10000 - 0x00007ffacae3a000 	C:\WINDOWS\System32\GDI32.dll
0x00007ffac8900000 - 0x00007ffac8a25000 	C:\WINDOWS\System32\gdi32full.dll
0x00007ffac86c0000 - 0x00007ffac8763000 	C:\WINDOWS\System32\msvcp_win.dll
0x00007ffaba580000 - 0x00007ffaba59e000 	c:\Users\LENOVO\.vscode\extensions\redhat.java-1.36.0-win32-x64\jre\17.0.13-win32-x86_64\bin\VCRUNTIME140.dll
0x00007ffab5d60000 - 0x00007ffab5ff0000 	C:\WINDOWS\WinSxS\amd64_microsoft.windows.common-controls_6595b64144ccf1df_6.0.26100.2161_none_3e0cadb0e33078e1\COMCTL32.dll
0x00007ffac8fb0000 - 0x00007ffac9059000 	C:\WINDOWS\System32\msvcrt.dll
0x00007ffac96c0000 - 0x00007ffac96ef000 	C:\WINDOWS\System32\IMM32.DLL
0x00007ffac4280000 - 0x00007ffac428c000 	c:\Users\LENOVO\.vscode\extensions\redhat.java-1.36.0-win32-x64\jre\17.0.13-win32-x86_64\bin\vcruntime140_1.dll
0x00007ffaa5f70000 - 0x00007ffaa5ffd000 	c:\Users\LENOVO\.vscode\extensions\redhat.java-1.36.0-win32-x64\jre\17.0.13-win32-x86_64\bin\msvcp140.dll
0x00007ffa386e0000 - 0x00007ffa3934b000 	c:\Users\LENOVO\.vscode\extensions\redhat.java-1.36.0-win32-x64\jre\17.0.13-win32-x86_64\bin\server\jvm.dll
0x00007ffaca9c0000 - 0x00007ffacaa74000 	C:\WINDOWS\System32\ADVAPI32.dll
0x00007ffac8e20000 - 0x00007ffac8ec6000 	C:\WINDOWS\System32\sechost.dll
0x00007ffacacf0000 - 0x00007ffacae06000 	C:\WINDOWS\System32\RPCRT4.dll
0x00007ffacac70000 - 0x00007ffacace4000 	C:\WINDOWS\System32\WS2_32.dll
0x00007ffac8200000 - 0x00007ffac824e000 	C:\WINDOWS\SYSTEM32\POWRPROF.dll
0x00007ffabf220000 - 0x00007ffabf256000 	C:\WINDOWS\SYSTEM32\WINMM.dll
0x00007ffac1450000 - 0x00007ffac145b000 	C:\WINDOWS\SYSTEM32\VERSION.dll
0x00007ffac81e0000 - 0x00007ffac81f4000 	C:\WINDOWS\SYSTEM32\UMPDC.dll
0x00007ffac71c0000 - 0x00007ffac71da000 	C:\WINDOWS\SYSTEM32\kernel.appcore.dll
0x00007ffabb4d0000 - 0x00007ffabb4da000 	c:\Users\LENOVO\.vscode\extensions\redhat.java-1.36.0-win32-x64\jre\17.0.13-win32-x86_64\bin\jimage.dll
0x00007ffac5e60000 - 0x00007ffac60a1000 	C:\WINDOWS\SYSTEM32\DBGHELP.DLL
0x00007ffac9ce0000 - 0x00007ffaca05d000 	C:\WINDOWS\System32\combase.dll
0x00007ffaca870000 - 0x00007ffaca946000 	C:\WINDOWS\System32\OLEAUT32.dll
0x00007ffa98db0000 - 0x00007ffa98de9000 	C:\WINDOWS\SYSTEM32\dbgcore.DLL
0x00007ffac8830000 - 0x00007ffac88c9000 	C:\WINDOWS\System32\bcryptPrimitives.dll
0x00007ffaba570000 - 0x00007ffaba57e000 	c:\Users\LENOVO\.vscode\extensions\redhat.java-1.36.0-win32-x64\jre\17.0.13-win32-x86_64\bin\instrument.dll
0x00007ffab4a40000 - 0x00007ffab4a65000 	c:\Users\LENOVO\.vscode\extensions\redhat.java-1.36.0-win32-x64\jre\17.0.13-win32-x86_64\bin\java.dll
0x00007ffab60f0000 - 0x00007ffab6108000 	c:\Users\LENOVO\.vscode\extensions\redhat.java-1.36.0-win32-x64\jre\17.0.13-win32-x86_64\bin\zip.dll
0x00007ffaca070000 - 0x00007ffaca76f000 	C:\WINDOWS\System32\SHELL32.dll
0x00007ffac60e0000 - 0x00007ffac690d000 	C:\WINDOWS\SYSTEM32\windows.storage.dll
0x00007ffaca780000 - 0x00007ffaca853000 	C:\WINDOWS\System32\SHCORE.dll
0x00007ffaca950000 - 0x00007ffaca9ad000 	C:\WINDOWS\System32\shlwapi.dll
0x00007ffac8280000 - 0x00007ffac82ae000 	C:\WINDOWS\SYSTEM32\profapi.dll
0x00007ffab4a20000 - 0x00007ffab4a39000 	C:\Users\LENOVO\.vscode\extensions\redhat.java-1.36.0-win32-x64\jre\17.0.13-win32-x86_64\bin\net.dll
0x00007ffac1260000 - 0x00007ffac1386000 	C:\WINDOWS\SYSTEM32\WINHTTP.dll
0x00007ffac76c0000 - 0x00007ffac7728000 	C:\WINDOWS\system32\mswsock.dll
0x00007ffab49e0000 - 0x00007ffab49f6000 	C:\Users\LENOVO\.vscode\extensions\redhat.java-1.36.0-win32-x64\jre\17.0.13-win32-x86_64\bin\nio.dll
0x00007ffaba540000 - 0x00007ffaba550000 	c:\Users\LENOVO\.vscode\extensions\redhat.java-1.36.0-win32-x64\jre\17.0.13-win32-x86_64\bin\verify.dll

dbghelp: loaded successfully - version: 4.0.5 - missing functions: none
symbol engine: initialized successfully - sym options: 0x614 - pdb path: .;c:\Users\LENOVO\.vscode\extensions\redhat.java-1.36.0-win32-x64\jre\17.0.13-win32-x86_64\bin;C:\WINDOWS\SYSTEM32;C:\WINDOWS\WinSxS\amd64_microsoft.windows.common-controls_6595b64144ccf1df_6.0.26100.2161_none_3e0cadb0e33078e1;c:\Users\LENOVO\.vscode\extensions\redhat.java-1.36.0-win32-x64\jre\17.0.13-win32-x86_64\bin\server

VM Arguments:
jvm_args: --add-modules=ALL-SYSTEM --add-opens=java.base/java.util=ALL-UNNAMED --add-opens=java.base/java.lang=ALL-UNNAMED --add-opens=java.base/sun.nio.fs=ALL-UNNAMED -Declipse.application=org.eclipse.jdt.ls.core.id1 -Dosgi.bundles.defaultStartLevel=4 -Declipse.product=org.eclipse.jdt.ls.core.product -Djava.import.generatesMetadataFilesAtProjectRoot=false -DDetectVMInstallationsJob.disabled=true -Dfile.encoding=utf8 -XX:+UseParallelGC -XX:GCTimeRatio=4 -XX:AdaptiveSizePolicyWeight=90 -Dsun.zip.disableMemoryMapping=true -Xmx1G -Xms100m -Xlog:disable -javaagent:c:\Users\LENOVO\.vscode\extensions\redhat.java-1.36.0-win32-x64\lombok\lombok-1.18.35.jar -XX:+HeapDumpOnOutOfMemoryError -XX:HeapDumpPath=c:\Users\LENOVO\AppData\Roaming\Code\User\workspaceStorage\a77f64c3f9ce9ce846e86a54ff4ee9e5\redhat.java -Daether.dependencyCollector.impl=bf 
java_command: c:\Users\LENOVO\.vscode\extensions\redhat.java-1.36.0-win32-x64\server\plugins\org.eclipse.equinox.launcher_1.6.900.v20240613-2009.jar -configuration c:\Users\LENOVO\AppData\Roaming\Code\User\globalStorage\redhat.java\1.36.0\config_win -data c:\Users\LENOVO\AppData\Roaming\Code\User\workspaceStorage\a77f64c3f9ce9ce846e86a54ff4ee9e5\redhat.java\jdt_ws --pipe=\\.\pipe\lsp-6bce2f1647dc62243b6ec3a78b7ccd77-sock
java_class_path (initial): c:\Users\LENOVO\.vscode\extensions\redhat.java-1.36.0-win32-x64\server\plugins\org.eclipse.equinox.launcher_1.6.900.v20240613-2009.jar
Launcher Type: SUN_STANDARD

[Global flags]
    uintx AdaptiveSizePolicyWeight                 = 90                                        {product} {command line}
     intx CICompilerCount                          = 3                                         {product} {ergonomic}
    uintx GCTimeRatio                              = 4                                         {product} {command line}
     bool HeapDumpOnOutOfMemoryError               = true                                   {manageable} {command line}
    ccstr HeapDumpPath                             = c:\Users\LENOVO\AppData\Roaming\Code\User\workspaceStorage\a77f64c3f9ce9ce846e86a54ff4ee9e5\redhat.java         {manageable} {command line}
   size_t InitialHeapSize                          = 104857600                                 {product} {command line}
   size_t MaxHeapSize                              = 1073741824                                {product} {command line}
   size_t MaxNewSize                               = 357564416                                 {product} {ergonomic}
   size_t MinHeapDeltaBytes                        = 524288                                    {product} {ergonomic}
   size_t MinHeapSize                              = 104857600                                 {product} {command line}
   size_t NewSize                                  = 34603008                                  {product} {ergonomic}
    uintx NonNMethodCodeHeapSize                   = 5832780                                {pd product} {ergonomic}
    uintx NonProfiledCodeHeapSize                  = 122912730                              {pd product} {ergonomic}
   size_t OldSize                                  = 70254592                                  {product} {ergonomic}
    uintx ProfiledCodeHeapSize                     = 122912730                              {pd product} {ergonomic}
    uintx ReservedCodeCacheSize                    = 251658240                              {pd product} {ergonomic}
     bool SegmentedCodeCache                       = true                                      {product} {ergonomic}
   size_t SoftMaxHeapSize                          = 1073741824                             {manageable} {ergonomic}
     bool UseCompressedClassPointers               = true                           {product lp64_product} {ergonomic}
     bool UseCompressedOops                        = true                           {product lp64_product} {ergonomic}
     bool UseLargePagesIndividualAllocation        = false                                  {pd product} {ergonomic}
     bool UseParallelGC                            = true                                      {product} {command line}

Logging:
Log output configuration:
 #0: stdout all=off uptime,level,tags
 #1: stderr all=off uptime,level,tags

Environment Variables:
PATH=C:\Program Files\Python312\Scripts\;C:\Program Files\Python312\;C:\Program Files (x86)\NVIDIA Corporation\PhysX\Common;C:\Program Files\Common Files\Oracle\Java\javapath;C:\WINDOWS\system32;C:\WINDOWS;C:\WINDOWS\System32\Wbem;C:\WINDOWS\System32\WindowsPowerShell\v1.0\;C:\WINDOWS\System32\OpenSSH\;C:\MinGW\bin;C:\Program Files\Microsoft SQL Server\Client SDK\ODBC\170\Tools\Binn\;C:\Program Files (x86)\Microsoft SQL Server\150\Tools\Binn\;C:\Program Files\Microsoft SQL Server\150\Tools\Binn\;C:\Program Files\Microsoft SQL Server\150\DTS\Binn\;C:\Program Files (x86)\Windows Kits\8.1\Windows Performance Toolkit\;C:\Program Files\Git\cmd;C:\Program Files\dotnet\;C:\Program Files (x86)\dotnet\;C:\Program Files\nodejs\;C:\Program Files\apache-maven-3.9.6\bin;;C:\Program Files\Docker\Docker\resources\bin;C:\Users\LENOVO\AppData\Local\Programs\Python\Launcher\;C:\Users\LENOVO\AppData\Local\Microsoft\WindowsApps;C:\Users\LENOVO\AppData\Local\Programs\Microsoft VS Code\bin;C:\Users\LENOVO\AppData\Roaming\npm;c:\users\lenovo\appdata\roaming\python\python312\site-packages\uvicorn;C:\Users\LENOVO\AppData\Local\GitHubDesktop\bin;
USERNAME=LENOVO
OS=Windows_NT
PROCESSOR_IDENTIFIER=AMD64 Family 23 Model 24 Stepping 1, AuthenticAMD
TMP=C:\Users\LENOVO\AppData\Local\Temp
TEMP=C:\Users\LENOVO\AppData\Local\Temp



Periodic native trim disabled


---------------  S Y S T E M  ---------------

OS:
 Windows 11 , 64 bit Build 26100 (10.0.26100.2161)
OS uptime: 0 days 3:16 hours
Hyper-V role detected

CPU: total 4 (initial active 4) (4 cores per cpu, 2 threads per core) family 23 model 24 stepping 1 microcode 0x8108102, cx8, cmov, fxsr, ht, mmx, 3dnowpref, sse, sse2, sse3, ssse3, sse4a, sse4.1, sse4.2, popcnt, lzcnt, tsc, tscinvbit, avx, avx2, aes, clmul, bmi1, bmi2, adx, sha, fma, vzeroupper, clflush, clflushopt, hv
Processor Information for all 4 processors :
  Max Mhz: 2600, Current Mhz: 2600, Mhz Limit: 2600

Memory: 4k page, system-wide physical 6020M (472M free)
TotalPageFile size 14212M (AvailPageFile size 0M)
current process WorkingSet (physical memory assigned to process): 49M, peak: 49M
current process commit charge ("private bytes"): 178M, peak: 179M

vm_info: OpenJDK 64-Bit Server VM (17.0.13+11) for windows-amd64 JRE (17.0.13+11), built on Oct 16 2024 00:10:08 by "admin" with MS VC++ 17.7 (VS2022)

END.
